<?xml version="1.0" encoding="UTF-8"?>
<!-- Generated by org.testng.reporters.JUnitXMLReporter -->
<testsuite ignored="0" hostname="LTIN217963" failures="0" tests="57" name="EdgeTest" time="168.429" errors="0" timestamp="2024-02-15T11:04:05 IST">
  <testcase classname="TestCases.CarLoanEMI" name="clickOnCarLoanLink" time="1.005"/>
  <testcase classname="TestCases.CarLoanEMI" name="setCarAmount" time="1.394"/>
  <testcase classname="TestCases.CarLoanEMI" name="setInterestRate" time="0.977"/>
  <testcase classname="TestCases.CarLoanEMI" name="setLoanTenure" time="0.827"/>
  <testcase classname="TestCases.CarLoanEMI" name="clickOnyear" time="0.426"/>
  <testcase classname="TestCases.CarLoanEMI" name="readData" time="0.132"/>
  <testcase classname="TestCases.HomeLoanEMI" name="calculatorsDropDownValidation" time="0.352"/>
  <testcase classname="TestCases.HomeLoanEMI" name="homeLoanEmiCalculatorValidation" time="21.681"/>
  <testcase classname="TestCases.HomeLoanEMI" name="validateHomeValueInputfield" time="5.179"/>
  <testcase classname="TestCases.HomeLoanEMI" name="validateDownPaymentInputFieldInPercentage" time="4.182"/>
  <testcase classname="TestCases.HomeLoanEMI" name="validateDownPaymentRupeesButton" time="0.53"/>
  <testcase classname="TestCases.HomeLoanEMI" name="validateLoanInsuranceInputField" time="4.358"/>
  <testcase classname="TestCases.HomeLoanEMI" name="validateInterestRateInputField" time="0.449"/>
  <testcase classname="TestCases.HomeLoanEMI" name="validateLoanTenureInputField" time="0.797"/>
  <testcase classname="TestCases.HomeLoanEMI" name="validateLoanTenureMonthsButton" time="0.654"/>
  <testcase classname="TestCases.HomeLoanEMI" name="validateLoanChargesInputField" time="4.824"/>
  <testcase classname="TestCases.HomeLoanEMI" name="validateLoanChargesRupeesButtonElement" time="0.445"/>
  <testcase classname="TestCases.HomeLoanEMI" name="validateLoanStartMonthAndYearField" time="0.315"/>
  <testcase classname="TestCases.HomeLoanEMI" name="validateLoanStartMonthAndYearInputField" time="1.408"/>
  <testcase classname="TestCases.HomeLoanEMI" name="validateOneTimeExpensesInputField" time="0.41"/>
  <testcase classname="TestCases.HomeLoanEMI" name="validateOneTimeExpensesRupeesButton" time="3.499"/>
  <testcase classname="TestCases.HomeLoanEMI" name="validatePropertyTaxesPerYearInputField" time="0.547"/>
  <testcase classname="TestCases.HomeLoanEMI" name="validatePropertyTaxesPerYearRupeesButton" time="3.616"/>
  <testcase classname="TestCases.HomeLoanEMI" name="validateHomeInsurancePerYearInputField" time="0.439"/>
  <testcase classname="TestCases.HomeLoanEMI" name="validateHomeInsurancePerYearRupeesButton" time="3.573"/>
  <testcase classname="TestCases.HomeLoanEMI" name="validateMaintenanceExpensesPerMonthInputField" time="0.644"/>
  <testcase classname="TestCases.HomeLoanEMI" name="printAllTheData" time="20.165"/>
  <testcase classname="TestCases.EMICalculator" name="calculatorsDropDownValidationFromHomeLoan" time="0.367"/>
  <testcase classname="TestCases.EMICalculator" name="emiCalculatorPageValidation" time="4.51"/>
  <testcase classname="TestCases.CalculateEmiUICheck" name="validateEmiCalculatorLink" time="0.069"/>
  <testcase classname="TestCases.CalculateEmiUICheck" name="verifyEmiCalculatorLoanAmountInputFieldPresence" time="0.081"/>
  <testcase classname="TestCases.CalculateEmiUICheck" name="validateEmiCalculatorLoanAmountInputFieldByPassingValue" time="0.992"/>
  <testcase classname="TestCases.CalculateEmiUICheck" name="verifyEmiCalculatorInterestRateInputFieldPresence" time="0.093"/>
  <testcase classname="TestCases.CalculateEmiUICheck" name="validateEmiCalculatorInterestRateInputFieldByPassingValue" time="1.069"/>
  <testcase classname="TestCases.CalculateEmiUICheck" name="verifyEmiCalculatorLoanTenureInputFieldPresence" time="0.086"/>
  <testcase classname="TestCases.CalculateEmiUICheck" name="validateEmiCalculatorLoanTenureInputFieldByPassingValue" time="1.064"/>
  <testcase classname="TestCases.CalculateEmiUICheck" name="validateEmiCalculatorLoanTenureMonthButton" time="3.962"/>
  <testcase classname="TestCases.CalculateEmiUICheck" name="verifyEmiCalculatorLoanChargesInputFieldPresence" time="0.073"/>
  <testcase classname="TestCases.CalculateEmiUICheck" name="validateEmiCalculatorLoanChargesInputFieldByPassingValue" time="1.118"/>
  <testcase classname="TestCases.LoanAmountCalculatorUICheck" name="validateLoanAmountCalculatorLink" time="0.607"/>
  <testcase classname="TestCases.LoanAmountCalculatorUICheck" name="verifyEmiInputFieldPresence" time="0.114"/>
  <testcase classname="TestCases.LoanAmountCalculatorUICheck" name="verifyEmiInputFieldByPassingValue" time="0.783"/>
  <testcase classname="TestCases.LoanAmountCalculatorUICheck" name="verifyLoanAmountInterestRateInputFieldPresence" time="0.099"/>
  <testcase classname="TestCases.LoanAmountCalculatorUICheck" name="validateLoanAmountInterestRateInputFieldByPassingValue" time="1.114"/>
  <testcase classname="TestCases.LoanAmountCalculatorUICheck" name="verifyLoanAmountTenureInputFieldPresence" time="0.09"/>
  <testcase classname="TestCases.LoanAmountCalculatorUICheck" name="validateLoanAmountTenureInputFieldByPassingValue" time="0.832"/>
  <testcase classname="TestCases.LoanAmountCalculatorUICheck" name="validateLoanAmountLoanTenureMonthButton" time="3.791"/>
  <testcase classname="TestCases.LoanAmountCalculatorUICheck" name="verifyLoanAmountLoanChargesInputFieldPresence" time="0.06"/>
  <testcase classname="TestCases.LoanAmountCalculatorUICheck" name="validateLoanAmountLoanChargesInputFieldByPassingValue" time="0.931"/>
  <testcase classname="TestCases.LoanTenureCalculatorUICheck" name="validateLoanTenureCalculatorLink" time="0.604"/>
  <testcase classname="TestCases.LoanTenureCalculatorUICheck" name="verifyLoanTenureLoanAmountInputFieldPresence" time="0.066"/>
  <testcase classname="TestCases.LoanTenureCalculatorUICheck" name="validateLoanTenureLoanAmountInputFieldByPassingValue" time="0.965"/>
  <testcase classname="TestCases.LoanTenureCalculatorUICheck" name="verifyLoanTenureEmiInputFieldPresence" time="0.077"/>
  <testcase classname="TestCases.LoanTenureCalculatorUICheck" name="verifyLoanTenureInterestRateInputFieldPresence" time="0.058"/>
  <testcase classname="TestCases.LoanTenureCalculatorUICheck" name="validateLoanTenureInterestRateInputFieldByPassingValue" time="0.902"/>
  <testcase classname="TestCases.LoanTenureCalculatorUICheck" name="verifyLoanTenuteLoanChargesInputFieldPresence" time="0.071"/>
  <testcase classname="TestCases.LoanTenureCalculatorUICheck" name="validateLoanTenureLoanChargesInputFieldByValue" time="1.035"/>
</testsuite> <!-- EdgeTest -->
