<?xml version="1.0" encoding="UTF-8"?>
<!-- Generated by org.testng.reporters.JUnitXMLReporter -->
<testsuite ignored="0" hostname="LTIN217963" failures="0" tests="18" name="Test" time="341.098" errors="0" timestamp="2024-02-15T17:08:16 IST">
  <testcase classname="TestCases.CarLoanEMI" name="clickOnCarLoanLink" time="31.361"/>
  <testcase classname="TestCases.CarLoanEMI" name="setCarAmount" time="1.047"/>
  <testcase classname="TestCases.CarLoanEMI" name="setInterestRate" time="1.22"/>
  <testcase classname="TestCases.CarLoanEMI" name="setLoanTenure" time="1.004"/>
  <testcase classname="TestCases.CarLoanEMI" name="clickOnyear" time="1.344"/>
  <testcase classname="TestCases.CarLoanEMI" name="readData" time="0.408"/>
  <testcase classname="TestCases.HomeLoanEMI" name="calculatorsDropDownValidation" time="0.455"/>
  <testcase classname="TestCases.HomeLoanEMI" name="homeLoanEmiCalculatorValidation" time="14.46"/>
  <testcase classname="TestCases.HomeLoanEMI" name="validateHomeValueInputfield" time="18.948"/>
  <testcase classname="TestCases.HomeLoanEMI" name="validateDownPaymentInputFieldInPercentage" time="4.673"/>
  <testcase classname="TestCases.HomeLoanEMI" name="validateDownPaymentRupeesButton" time="1.306"/>
  <testcase classname="TestCases.HomeLoanEMI" name="validateLoanInsuranceInputField" time="3.877"/>
  <testcase classname="TestCases.HomeLoanEMI" name="validateInterestRateInputField" time="0.617"/>
  <testcase classname="TestCases.HomeLoanEMI" name="validateLoanTenureInputField" time="0.649"/>
  <testcase classname="TestCases.HomeLoanEMI" name="validateLoanTenureMonthsButton" time="0.694"/>
  <testcase classname="TestCases.HomeLoanEMI" name="validateLoanChargesInputField" time="4.814"/>
  <testcase classname="TestCases.HomeLoanEMI" name="validateLoanChargesRupeesButtonElement" time="0.903"/>
  <testcase classname="TestCases.HomeLoanEMI" name="validateLoanStartMonthAndYearField" time="0.533"/>
</testsuite> <!-- Test -->
