<?xml version="1.0" encoding="UTF-8"?>
<testsuite xmlns:xsi="http://www.w3.org/2001/XMLSchema-instance" xsi:noNamespaceSchemaLocation="https://maven.apache.org/surefire/maven-surefire-plugin/xsd/surefire-test-report-3.0.xsd" version="3.0" name="TestSuite" time="98.367" tests="57" errors="0" skipped="0" failures="0">
  <properties>
[...]
</properties>
  <testcase name="clickOnCarLoanLink" classname="TestCases.LoanTenureCalculatorUICheck" time="0.579">
    <system-err><![CDATA[SLF4J: No SLF4J providers were found.
SLF4J: Defaulting to no-operation (NOP) logger implementation
SLF4J: See https://www.slf4j.org/codes.html#noProviders for further details.
]]></system-err>
  </testcase>
  <testcase name="setCarAmount[15,00,000, 9.5, 1.0](1)" classname="TestCases.LoanTenureCalculatorUICheck" time="0.938"/>
  <testcase name="setInterestRate[15,00,000, 9.5, 1.0](1)" classname="TestCases.LoanTenureCalculatorUICheck" time="0.94"/>
  <testcase name="setLoanTenure[15,00,000, 9.5, 1.0](1)" classname="TestCases.LoanTenureCalculatorUICheck" time="0.947"/>
  <testcase name="clickOnyear" classname="TestCases.LoanTenureCalculatorUICheck" time="0.403"/>
  <testcase name="readData" classname="TestCases.LoanTenureCalculatorUICheck" time="0.358">
    <system-out><![CDATA[Car Loan
Month   Interest Amount   Principal Amount
Feb	₹ 1,19,650	₹ 11,875	
]]></system-out>
  </testcase>
  <testcase name="calculatorsDropDownValidation" classname="TestCases.LoanTenureCalculatorUICheck" time="0.277"/>
  <testcase name="homeLoanEmiCalculatorValidation" classname="TestCases.LoanTenureCalculatorUICheck" time="8.5"/>
  <testcase name="validateHomeValueInputfield[2,00,00,000, 25.0, 10,00,000, 12.0, 10.0, 0.3, 01-Feb-2029, 5.0, 0.3, 0.1, 3000.0](1)" classname="TestCases.LoanTenureCalculatorUICheck" time="4.103"/>
  <testcase name="validateDownPaymentInputFieldInPercentage[2,00,00,000, 25.0, 10,00,000, 12.0, 10.0, 0.3, 01-Feb-2029, 5.0, 0.3, 0.1, 3000.0](1)" classname="TestCases.LoanTenureCalculatorUICheck" time="3.897"/>
  <testcase name="validateDownPaymentRupeesButton" classname="TestCases.LoanTenureCalculatorUICheck" time="0.592"/>
  <testcase name="validateLoanInsuranceInputField[2,00,00,000, 25.0, 10,00,000, 12.0, 10.0, 0.3, 01-Feb-2029, 5.0, 0.3, 0.1, 3000.0](1)" classname="TestCases.LoanTenureCalculatorUICheck" time="3.594"/>
  <testcase name="validateInterestRateInputField[2,00,00,000, 25.0, 10,00,000, 12.0, 10.0, 0.3, 01-Feb-2029, 5.0, 0.3, 0.1, 3000.0](1)" classname="TestCases.LoanTenureCalculatorUICheck" time="0.357"/>
  <testcase name="validateLoanTenureInputField[2,00,00,000, 25.0, 10,00,000, 12.0, 10.0, 0.3, 01-Feb-2029, 5.0, 0.3, 0.1, 3000.0](1)" classname="TestCases.LoanTenureCalculatorUICheck" time="0.461"/>
  <testcase name="validateLoanTenureMonthsButton" classname="TestCases.LoanTenureCalculatorUICheck" time="0.454"/>
  <testcase name="validateLoanChargesInputField[2,00,00,000, 25.0, 10,00,000, 12.0, 10.0, 0.3, 01-Feb-2029, 5.0, 0.3, 0.1, 3000.0](1)" classname="TestCases.LoanTenureCalculatorUICheck" time="4.476"/>
  <testcase name="validateLoanChargesRupeesButtonElement" classname="TestCases.LoanTenureCalculatorUICheck" time="0.495"/>
  <testcase name="validateLoanStartMonthAndYearField" classname="TestCases.LoanTenureCalculatorUICheck" time="0.412"/>
  <testcase name="validateLoanStartMonthAndYearInputField[2,00,00,000, 25.0, 10,00,000, 12.0, 10.0, 0.3, 01-Feb-2029, 5.0, 0.3, 0.1, 3000.0](1)" classname="TestCases.LoanTenureCalculatorUICheck" time="0.857"/>
  <testcase name="validateOneTimeExpensesInputField[2,00,00,000, 25.0, 10,00,000, 12.0, 10.0, 0.3, 01-Feb-2029, 5.0, 0.3, 0.1, 3000.0](1)" classname="TestCases.LoanTenureCalculatorUICheck" time="0.34"/>
  <testcase name="validateOneTimeExpensesRupeesButton" classname="TestCases.LoanTenureCalculatorUICheck" time="3.412"/>
  <testcase name="validatePropertyTaxesPerYearInputField[2,00,00,000, 25.0, 10,00,000, 12.0, 10.0, 0.3, 01-Feb-2029, 5.0, 0.3, 0.1, 3000.0](1)" classname="TestCases.LoanTenureCalculatorUICheck" time="0.342"/>
  <testcase name="validatePropertyTaxesPerYearRupeesButton" classname="TestCases.LoanTenureCalculatorUICheck" time="3.588"/>
  <testcase name="validateHomeInsurancePerYearInputField[2,00,00,000, 25.0, 10,00,000, 12.0, 10.0, 0.3, 01-Feb-2029, 5.0, 0.3, 0.1, 3000.0](1)" classname="TestCases.LoanTenureCalculatorUICheck" time="0.488"/>
  <testcase name="validateHomeInsurancePerYearRupeesButton" classname="TestCases.LoanTenureCalculatorUICheck" time="3.488"/>
  <testcase name="validateMaintenanceExpensesPerMonthInputField[2,00,00,000, 25.0, 10,00,000, 12.0, 10.0, 0.3, 01-Feb-2029, 5.0, 0.3, 0.1, 3000.0](1)" classname="TestCases.LoanTenureCalculatorUICheck" time="0.395"/>
  <testcase name="printAllTheData" classname="TestCases.LoanTenureCalculatorUICheck" time="10.117">
    <system-out><![CDATA[Year	Principal (A)	Interest (B)	Taxes, Home Insurance & Maintenance (C)	Total Payment (A+B+C)	Balance	Loan Paid To Date
2029	 804514	 1720575	 106333	 2631422	 15195486	5.03	
2030	 984145	 1770497	 116000	 2870642	 14211341	11.18	
2031	 1108959	 1645683	 116000	 2870642	 13102381	18.11	
2032	 1249603	 1505039	 116000	 2870642	 11852778	25.92	
2033	 1408084	 1346558	 116000	 2870642	 10444694	34.72	
2034	 1586665	 1167978	 116000	 2870642	 8858029	44.64	
2035	 1787893	 966749	 116000	 2870642	 7070136	55.81	
2036	 2014643	 739999	 116000	 2870642	 5055493	68.4	
2037	 2270150	 484492	 116000	 2870642	 2785343	82.59	
2038	 2558062	 196580	 116000	 2870642	 227281	98.58	
2039	 227281	 2273	 9667	 239220	 0	100	
]]></system-out>
  </testcase>
  <testcase name="calculatorsDropDownValidationFromHomeLoan" classname="TestCases.LoanTenureCalculatorUICheck" time="0.366"/>
  <testcase name="emiCalculatorPageValidation" classname="TestCases.LoanTenureCalculatorUICheck" time="2.256"/>
  <testcase name="validateEmiCalculatorLink" classname="TestCases.LoanTenureCalculatorUICheck" time="0.239"/>
  <testcase name="verifyEmiCalculatorLoanAmountInputFieldPresence" classname="TestCases.LoanTenureCalculatorUICheck" time="0.373"/>
  <testcase name="validateEmiCalculatorLoanAmountInputFieldByPassingValue[50,00,000, 12.5, 15.0, 75000.0](1)" classname="TestCases.LoanTenureCalculatorUICheck" time="0.552">
    <system-out><![CDATA[[[50,00,000, 12.5, 15.0, 75000.0]]
]]></system-out>
  </testcase>
  <testcase name="verifyEmiCalculatorInterestRateInputFieldPresence" classname="TestCases.LoanTenureCalculatorUICheck" time="0.237"/>
  <testcase name="validateEmiCalculatorInterestRateInputFieldByPassingValue[50,00,000, 12.5, 15.0, 75000.0](1)" classname="TestCases.LoanTenureCalculatorUICheck" time="0.575">
    <system-out><![CDATA[[[50,00,000, 12.5, 15.0, 75000.0]]
]]></system-out>
  </testcase>
  <testcase name="verifyEmiCalculatorLoanTenureInputFieldPresence" classname="TestCases.LoanTenureCalculatorUICheck" time="0.248"/>
  <testcase name="validateEmiCalculatorLoanTenureInputFieldByPassingValue[50,00,000, 12.5, 15.0, 75000.0](1)" classname="TestCases.LoanTenureCalculatorUICheck" time="0.622">
    <system-out><![CDATA[[[50,00,000, 12.5, 15.0, 75000.0]]
]]></system-out>
  </testcase>
  <testcase name="validateEmiCalculatorLoanTenureMonthButton" classname="TestCases.LoanTenureCalculatorUICheck" time="3.509">
    <system-out><![CDATA[Loan Tenure Slider Scale value in Years
0
5
10
15
20
25
30
Loan Tenure Slider Scale Value in Months 
0
60
120
180
240
300
360
]]></system-out>
  </testcase>
  <testcase name="verifyEmiCalculatorLoanChargesInputFieldPresence" classname="TestCases.LoanTenureCalculatorUICheck" time="0.207"/>
  <testcase name="validateEmiCalculatorLoanChargesInputFieldByPassingValue[50,00,000, 12.5, 15.0, 75000.0](1)" classname="TestCases.LoanTenureCalculatorUICheck" time="0.637">
    <system-out><![CDATA[[[50,00,000, 12.5, 15.0, 75000.0]]
]]></system-out>
  </testcase>
  <testcase name="validateLoanAmountCalculatorLink" classname="TestCases.LoanTenureCalculatorUICheck" time="0.436"/>
  <testcase name="verifyEmiInputFieldPresence" classname="TestCases.LoanTenureCalculatorUICheck" time="0.237"/>
  <testcase name="verifyEmiInputFieldByPassingValue[25000.0, 15.0, 120.0, 50000.0](1)" classname="TestCases.LoanTenureCalculatorUICheck" time="0.526"/>
  <testcase name="verifyLoanAmountInterestRateInputFieldPresence" classname="TestCases.LoanTenureCalculatorUICheck" time="0.227"/>
  <testcase name="validateLoanAmountInterestRateInputFieldByPassingValue[25000.0, 15.0, 120.0, 50000.0](1)" classname="TestCases.LoanTenureCalculatorUICheck" time="0.585"/>
  <testcase name="verifyLoanAmountTenureInputFieldPresence" classname="TestCases.LoanTenureCalculatorUICheck" time="0.217"/>
  <testcase name="validateLoanAmountTenureInputFieldByPassingValue[25000.0, 15.0, 120.0, 50000.0](1)" classname="TestCases.LoanTenureCalculatorUICheck" time="0.52"/>
  <testcase name="validateLoanAmountLoanTenureMonthButton" classname="TestCases.LoanTenureCalculatorUICheck" time="3.443">
    <system-out><![CDATA[Loan Tenure Slider Scale value in Months
0
60
120
180
240
300
360
Loan Tenure Slider Scale Value in Years
0
5
10
15
20
25
30
]]></system-out>
  </testcase>
  <testcase name="verifyLoanAmountLoanChargesInputFieldPresence" classname="TestCases.LoanTenureCalculatorUICheck" time="0.218"/>
  <testcase name="validateLoanAmountLoanChargesInputFieldByPassingValue[25000.0, 15.0, 120.0, 50000.0](1)" classname="TestCases.LoanTenureCalculatorUICheck" time="0.73"/>
  <testcase name="validateLoanTenureCalculatorLink" classname="TestCases.LoanTenureCalculatorUICheck" time="0.439"/>
  <testcase name="verifyLoanTenureLoanAmountInputFieldPresence" classname="TestCases.LoanTenureCalculatorUICheck" time="0.241"/>
  <testcase name="validateLoanTenureLoanAmountInputFieldByPassingValue[75,00,000, 10.0, 50000.0](1)" classname="TestCases.LoanTenureCalculatorUICheck" time="0.759"/>
  <testcase name="verifyLoanTenureEmiInputFieldPresence" classname="TestCases.LoanTenureCalculatorUICheck" time="0.245"/>
  <testcase name="verifyLoanTenureInterestRateInputFieldPresence" classname="TestCases.LoanTenureCalculatorUICheck" time="0.248"/>
  <testcase name="validateLoanTenureInterestRateInputFieldByPassingValue[75,00,000, 10.0, 50000.0](1)" classname="TestCases.LoanTenureCalculatorUICheck" time="0.534"/>
  <testcase name="verifyLoanTenuteLoanChargesInputFieldPresence" classname="TestCases.LoanTenureCalculatorUICheck" time="0.209"/>
  <testcase name="validateLoanTenureLoanChargesInputFieldByValue[75,00,000, 10.0, 50000.0](1)" classname="TestCases.LoanTenureCalculatorUICheck" time="0.596"/>
</testsuite>