<?xml version="1.0" encoding="UTF-8"?>
<testng-results ignored="0" total="57" passed="57" failed="0" skipped="0">
  <reporter-output>
  </reporter-output>
  <suite started-at="2024-02-15T12:03:05 IST" name="Suite" finished-at="2024-02-15T12:06:01 IST" duration-ms="176202">
    <groups>
      <group name="Master">
        <method signature="CarLoanEMI.clickOnCarLoanLink()[pri:1, instance:TestCases.LoanTenureCalculatorUICheck@7bedc48a]" name="clickOnCarLoanLink" class="TestCases.CarLoanEMI"/>
        <method signature="CarLoanEMI.setCarAmount(java.lang.String,java.lang.String,java.lang.String)[pri:2, instance:TestCases.LoanTenureCalculatorUICheck@7bedc48a]" name="setCarAmount" class="TestCases.CarLoanEMI"/>
        <method signature="CarLoanEMI.setInterestRate(java.lang.String,java.lang.String,java.lang.String)[pri:3, instance:TestCases.LoanTenureCalculatorUICheck@7bedc48a]" name="setInterestRate" class="TestCases.CarLoanEMI"/>
        <method signature="CarLoanEMI.setLoanTenure(java.lang.String,java.lang.String,java.lang.String)[pri:4, instance:TestCases.LoanTenureCalculatorUICheck@7bedc48a]" name="setLoanTenure" class="TestCases.CarLoanEMI"/>
        <method signature="CarLoanEMI.clickOnyear()[pri:5, instance:TestCases.LoanTenureCalculatorUICheck@7bedc48a]" name="clickOnyear" class="TestCases.CarLoanEMI"/>
        <method signature="CarLoanEMI.readData()[pri:6, instance:TestCases.LoanTenureCalculatorUICheck@7bedc48a]" name="readData" class="TestCases.CarLoanEMI"/>
        <method signature="HomeLoanEMI.calculatorsDropDownValidation()[pri:7, instance:TestCases.LoanTenureCalculatorUICheck@7bedc48a]" name="calculatorsDropDownValidation" class="TestCases.HomeLoanEMI"/>
        <method signature="HomeLoanEMI.homeLoanEmiCalculatorValidation()[pri:8, instance:TestCases.LoanTenureCalculatorUICheck@7bedc48a]" name="homeLoanEmiCalculatorValidation" class="TestCases.HomeLoanEMI"/>
        <method signature="HomeLoanEMI.validateHomeValueInputfield(java.lang.String,java.lang.String,java.lang.String,java.lang.String,java.lang.String,java.lang.String,java.lang.String,java.lang.String,java.lang.String,java.lang.String,java.lang.String)[pri:9, instance:TestCases.LoanTenureCalculatorUICheck@7bedc48a]" name="validateHomeValueInputfield" class="TestCases.HomeLoanEMI"/>
        <method signature="HomeLoanEMI.validateDownPaymentInputFieldInPercentage(java.lang.String,java.lang.String,java.lang.String,java.lang.String,java.lang.String,java.lang.String,java.lang.String,java.lang.String,java.lang.String,java.lang.String,java.lang.String)[pri:10, instance:TestCases.LoanTenureCalculatorUICheck@7bedc48a]" name="validateDownPaymentInputFieldInPercentage" class="TestCases.HomeLoanEMI"/>
        <method signature="HomeLoanEMI.validateDownPaymentRupeesButton()[pri:11, instance:TestCases.LoanTenureCalculatorUICheck@7bedc48a]" name="validateDownPaymentRupeesButton" class="TestCases.HomeLoanEMI"/>
        <method signature="HomeLoanEMI.validateLoanInsuranceInputField(java.lang.String,java.lang.String,java.lang.String,java.lang.String,java.lang.String,java.lang.String,java.lang.String,java.lang.String,java.lang.String,java.lang.String,java.lang.String)[pri:12, instance:TestCases.LoanTenureCalculatorUICheck@7bedc48a]" name="validateLoanInsuranceInputField" class="TestCases.HomeLoanEMI"/>
        <method signature="HomeLoanEMI.validateInterestRateInputField(java.lang.String,java.lang.String,java.lang.String,java.lang.String,java.lang.String,java.lang.String,java.lang.String,java.lang.String,java.lang.String,java.lang.String,java.lang.String)[pri:13, instance:TestCases.LoanTenureCalculatorUICheck@7bedc48a]" name="validateInterestRateInputField" class="TestCases.HomeLoanEMI"/>
        <method signature="HomeLoanEMI.validateLoanTenureInputField(java.lang.String,java.lang.String,java.lang.String,java.lang.String,java.lang.String,java.lang.String,java.lang.String,java.lang.String,java.lang.String,java.lang.String,java.lang.String)[pri:14, instance:TestCases.LoanTenureCalculatorUICheck@7bedc48a]" name="validateLoanTenureInputField" class="TestCases.HomeLoanEMI"/>
        <method signature="HomeLoanEMI.validateLoanTenureMonthsButton()[pri:15, instance:TestCases.LoanTenureCalculatorUICheck@7bedc48a]" name="validateLoanTenureMonthsButton" class="TestCases.HomeLoanEMI"/>
        <method signature="HomeLoanEMI.validateLoanChargesInputField(java.lang.String,java.lang.String,java.lang.String,java.lang.String,java.lang.String,java.lang.String,java.lang.String,java.lang.String,java.lang.String,java.lang.String,java.lang.String)[pri:16, instance:TestCases.LoanTenureCalculatorUICheck@7bedc48a]" name="validateLoanChargesInputField" class="TestCases.HomeLoanEMI"/>
        <method signature="HomeLoanEMI.validateLoanChargesRupeesButtonElement()[pri:17, instance:TestCases.LoanTenureCalculatorUICheck@7bedc48a]" name="validateLoanChargesRupeesButtonElement" class="TestCases.HomeLoanEMI"/>
        <method signature="HomeLoanEMI.validateLoanStartMonthAndYearField()[pri:18, instance:TestCases.LoanTenureCalculatorUICheck@7bedc48a]" name="validateLoanStartMonthAndYearField" class="TestCases.HomeLoanEMI"/>
        <method signature="HomeLoanEMI.validateLoanStartMonthAndYearInputField(java.lang.String,java.lang.String,java.lang.String,java.lang.String,java.lang.String,java.lang.String,java.lang.String,java.lang.String,java.lang.String,java.lang.String,java.lang.String)[pri:19, instance:TestCases.LoanTenureCalculatorUICheck@7bedc48a]" name="validateLoanStartMonthAndYearInputField" class="TestCases.HomeLoanEMI"/>
        <method signature="HomeLoanEMI.validateOneTimeExpensesInputField(java.lang.String,java.lang.String,java.lang.String,java.lang.String,java.lang.String,java.lang.String,java.lang.String,java.lang.String,java.lang.String,java.lang.String,java.lang.String)[pri:20, instance:TestCases.LoanTenureCalculatorUICheck@7bedc48a]" name="validateOneTimeExpensesInputField" class="TestCases.HomeLoanEMI"/>
        <method signature="HomeLoanEMI.validateOneTimeExpensesRupeesButton()[pri:21, instance:TestCases.LoanTenureCalculatorUICheck@7bedc48a]" name="validateOneTimeExpensesRupeesButton" class="TestCases.HomeLoanEMI"/>
        <method signature="HomeLoanEMI.validatePropertyTaxesPerYearInputField(java.lang.String,java.lang.String,java.lang.String,java.lang.String,java.lang.String,java.lang.String,java.lang.String,java.lang.String,java.lang.String,java.lang.String,java.lang.String)[pri:22, instance:TestCases.LoanTenureCalculatorUICheck@7bedc48a]" name="validatePropertyTaxesPerYearInputField" class="TestCases.HomeLoanEMI"/>
        <method signature="HomeLoanEMI.validatePropertyTaxesPerYearRupeesButton()[pri:23, instance:TestCases.LoanTenureCalculatorUICheck@7bedc48a]" name="validatePropertyTaxesPerYearRupeesButton" class="TestCases.HomeLoanEMI"/>
        <method signature="HomeLoanEMI.validateHomeInsurancePerYearInputField(java.lang.String,java.lang.String,java.lang.String,java.lang.String,java.lang.String,java.lang.String,java.lang.String,java.lang.String,java.lang.String,java.lang.String,java.lang.String)[pri:24, instance:TestCases.LoanTenureCalculatorUICheck@7bedc48a]" name="validateHomeInsurancePerYearInputField" class="TestCases.HomeLoanEMI"/>
        <method signature="HomeLoanEMI.validateHomeInsurancePerYearRupeesButton()[pri:25, instance:TestCases.LoanTenureCalculatorUICheck@7bedc48a]" name="validateHomeInsurancePerYearRupeesButton" class="TestCases.HomeLoanEMI"/>
        <method signature="HomeLoanEMI.validateMaintenanceExpensesPerMonthInputField(java.lang.String,java.lang.String,java.lang.String,java.lang.String,java.lang.String,java.lang.String,java.lang.String,java.lang.String,java.lang.String,java.lang.String,java.lang.String)[pri:26, instance:TestCases.LoanTenureCalculatorUICheck@7bedc48a]" name="validateMaintenanceExpensesPerMonthInputField" class="TestCases.HomeLoanEMI"/>
        <method signature="HomeLoanEMI.printAllTheData()[pri:27, instance:TestCases.LoanTenureCalculatorUICheck@7bedc48a]" name="printAllTheData" class="TestCases.HomeLoanEMI"/>
        <method signature="EMICalculator.calculatorsDropDownValidationFromHomeLoan()[pri:28, instance:TestCases.LoanTenureCalculatorUICheck@7bedc48a]" name="calculatorsDropDownValidationFromHomeLoan" class="TestCases.EMICalculator"/>
        <method signature="EMICalculator.emiCalculatorPageValidation()[pri:29, instance:TestCases.LoanTenureCalculatorUICheck@7bedc48a]" name="emiCalculatorPageValidation" class="TestCases.EMICalculator"/>
        <method signature="CalculateEmiUICheck.validateEmiCalculatorLink()[pri:30, instance:TestCases.LoanTenureCalculatorUICheck@7bedc48a]" name="validateEmiCalculatorLink" class="TestCases.CalculateEmiUICheck"/>
        <method signature="CalculateEmiUICheck.verifyEmiCalculatorLoanAmountInputFieldPresence()[pri:31, instance:TestCases.LoanTenureCalculatorUICheck@7bedc48a]" name="verifyEmiCalculatorLoanAmountInputFieldPresence" class="TestCases.CalculateEmiUICheck"/>
        <method signature="CalculateEmiUICheck.validateEmiCalculatorLoanAmountInputFieldByPassingValue(java.lang.String,java.lang.String,java.lang.String,java.lang.String)[pri:32, instance:TestCases.LoanTenureCalculatorUICheck@7bedc48a]" name="validateEmiCalculatorLoanAmountInputFieldByPassingValue" class="TestCases.CalculateEmiUICheck"/>
        <method signature="CalculateEmiUICheck.verifyEmiCalculatorInterestRateInputFieldPresence()[pri:33, instance:TestCases.LoanTenureCalculatorUICheck@7bedc48a]" name="verifyEmiCalculatorInterestRateInputFieldPresence" class="TestCases.CalculateEmiUICheck"/>
        <method signature="CalculateEmiUICheck.validateEmiCalculatorInterestRateInputFieldByPassingValue(java.lang.String,java.lang.String,java.lang.String,java.lang.String)[pri:34, instance:TestCases.LoanTenureCalculatorUICheck@7bedc48a]" name="validateEmiCalculatorInterestRateInputFieldByPassingValue" class="TestCases.CalculateEmiUICheck"/>
        <method signature="CalculateEmiUICheck.verifyEmiCalculatorLoanTenureInputFieldPresence()[pri:35, instance:TestCases.LoanTenureCalculatorUICheck@7bedc48a]" name="verifyEmiCalculatorLoanTenureInputFieldPresence" class="TestCases.CalculateEmiUICheck"/>
        <method signature="CalculateEmiUICheck.validateEmiCalculatorLoanTenureInputFieldByPassingValue(java.lang.String,java.lang.String,java.lang.String,java.lang.String)[pri:36, instance:TestCases.LoanTenureCalculatorUICheck@7bedc48a]" name="validateEmiCalculatorLoanTenureInputFieldByPassingValue" class="TestCases.CalculateEmiUICheck"/>
        <method signature="CalculateEmiUICheck.validateEmiCalculatorLoanTenureMonthButton()[pri:37, instance:TestCases.LoanTenureCalculatorUICheck@7bedc48a]" name="validateEmiCalculatorLoanTenureMonthButton" class="TestCases.CalculateEmiUICheck"/>
        <method signature="CalculateEmiUICheck.verifyEmiCalculatorLoanChargesInputFieldPresence()[pri:38, instance:TestCases.LoanTenureCalculatorUICheck@7bedc48a]" name="verifyEmiCalculatorLoanChargesInputFieldPresence" class="TestCases.CalculateEmiUICheck"/>
        <method signature="CalculateEmiUICheck.validateEmiCalculatorLoanChargesInputFieldByPassingValue(java.lang.String,java.lang.String,java.lang.String,java.lang.String)[pri:39, instance:TestCases.LoanTenureCalculatorUICheck@7bedc48a]" name="validateEmiCalculatorLoanChargesInputFieldByPassingValue" class="TestCases.CalculateEmiUICheck"/>
        <method signature="LoanAmountCalculatorUICheck.validateLoanAmountCalculatorLink()[pri:40, instance:TestCases.LoanTenureCalculatorUICheck@7bedc48a]" name="validateLoanAmountCalculatorLink" class="TestCases.LoanAmountCalculatorUICheck"/>
        <method signature="LoanAmountCalculatorUICheck.verifyEmiInputFieldPresence()[pri:41, instance:TestCases.LoanTenureCalculatorUICheck@7bedc48a]" name="verifyEmiInputFieldPresence" class="TestCases.LoanAmountCalculatorUICheck"/>
        <method signature="LoanAmountCalculatorUICheck.verifyEmiInputFieldByPassingValue(java.lang.String,java.lang.String,java.lang.String,java.lang.String)[pri:42, instance:TestCases.LoanTenureCalculatorUICheck@7bedc48a]" name="verifyEmiInputFieldByPassingValue" class="TestCases.LoanAmountCalculatorUICheck"/>
        <method signature="LoanAmountCalculatorUICheck.verifyLoanAmountInterestRateInputFieldPresence()[pri:43, instance:TestCases.LoanTenureCalculatorUICheck@7bedc48a]" name="verifyLoanAmountInterestRateInputFieldPresence" class="TestCases.LoanAmountCalculatorUICheck"/>
        <method signature="LoanAmountCalculatorUICheck.validateLoanAmountInterestRateInputFieldByPassingValue(java.lang.String,java.lang.String,java.lang.String,java.lang.String)[pri:44, instance:TestCases.LoanTenureCalculatorUICheck@7bedc48a]" name="validateLoanAmountInterestRateInputFieldByPassingValue" class="TestCases.LoanAmountCalculatorUICheck"/>
        <method signature="LoanAmountCalculatorUICheck.verifyLoanAmountTenureInputFieldPresence()[pri:45, instance:TestCases.LoanTenureCalculatorUICheck@7bedc48a]" name="verifyLoanAmountTenureInputFieldPresence" class="TestCases.LoanAmountCalculatorUICheck"/>
        <method signature="LoanAmountCalculatorUICheck.validateLoanAmountTenureInputFieldByPassingValue(java.lang.String,java.lang.String,java.lang.String,java.lang.String)[pri:46, instance:TestCases.LoanTenureCalculatorUICheck@7bedc48a]" name="validateLoanAmountTenureInputFieldByPassingValue" class="TestCases.LoanAmountCalculatorUICheck"/>
        <method signature="LoanAmountCalculatorUICheck.validateLoanAmountLoanTenureMonthButton()[pri:47, instance:TestCases.LoanTenureCalculatorUICheck@7bedc48a]" name="validateLoanAmountLoanTenureMonthButton" class="TestCases.LoanAmountCalculatorUICheck"/>
        <method signature="LoanAmountCalculatorUICheck.verifyLoanAmountLoanChargesInputFieldPresence()[pri:48, instance:TestCases.LoanTenureCalculatorUICheck@7bedc48a]" name="verifyLoanAmountLoanChargesInputFieldPresence" class="TestCases.LoanAmountCalculatorUICheck"/>
        <method signature="LoanAmountCalculatorUICheck.validateLoanAmountLoanChargesInputFieldByPassingValue(java.lang.String,java.lang.String,java.lang.String,java.lang.String)[pri:49, instance:TestCases.LoanTenureCalculatorUICheck@7bedc48a]" name="validateLoanAmountLoanChargesInputFieldByPassingValue" class="TestCases.LoanAmountCalculatorUICheck"/>
        <method signature="LoanTenureCalculatorUICheck.validateLoanTenureCalculatorLink()[pri:50, instance:TestCases.LoanTenureCalculatorUICheck@7bedc48a]" name="validateLoanTenureCalculatorLink" class="TestCases.LoanTenureCalculatorUICheck"/>
        <method signature="LoanTenureCalculatorUICheck.verifyLoanTenureLoanAmountInputFieldPresence()[pri:51, instance:TestCases.LoanTenureCalculatorUICheck@7bedc48a]" name="verifyLoanTenureLoanAmountInputFieldPresence" class="TestCases.LoanTenureCalculatorUICheck"/>
        <method signature="LoanTenureCalculatorUICheck.validateLoanTenureLoanAmountInputFieldByPassingValue(java.lang.String,java.lang.String,java.lang.String)[pri:52, instance:TestCases.LoanTenureCalculatorUICheck@7bedc48a]" name="validateLoanTenureLoanAmountInputFieldByPassingValue" class="TestCases.LoanTenureCalculatorUICheck"/>
        <method signature="LoanTenureCalculatorUICheck.verifyLoanTenureEmiInputFieldPresence()[pri:53, instance:TestCases.LoanTenureCalculatorUICheck@7bedc48a]" name="verifyLoanTenureEmiInputFieldPresence" class="TestCases.LoanTenureCalculatorUICheck"/>
        <method signature="LoanTenureCalculatorUICheck.verifyLoanTenureInterestRateInputFieldPresence()[pri:54, instance:TestCases.LoanTenureCalculatorUICheck@7bedc48a]" name="verifyLoanTenureInterestRateInputFieldPresence" class="TestCases.LoanTenureCalculatorUICheck"/>
        <method signature="LoanTenureCalculatorUICheck.validateLoanTenureInterestRateInputFieldByPassingValue(java.lang.String,java.lang.String,java.lang.String)[pri:55, instance:TestCases.LoanTenureCalculatorUICheck@7bedc48a]" name="validateLoanTenureInterestRateInputFieldByPassingValue" class="TestCases.LoanTenureCalculatorUICheck"/>
        <method signature="LoanTenureCalculatorUICheck.verifyLoanTenuteLoanChargesInputFieldPresence()[pri:56, instance:TestCases.LoanTenureCalculatorUICheck@7bedc48a]" name="verifyLoanTenuteLoanChargesInputFieldPresence" class="TestCases.LoanTenureCalculatorUICheck"/>
        <method signature="LoanTenureCalculatorUICheck.validateLoanTenureLoanChargesInputFieldByValue(java.lang.String,java.lang.String,java.lang.String)[pri:57, instance:TestCases.LoanTenureCalculatorUICheck@7bedc48a]" name="validateLoanTenureLoanChargesInputFieldByValue" class="TestCases.LoanTenureCalculatorUICheck"/>
      </group> <!-- Master -->
      <group name="Sanity">
        <method signature="CarLoanEMI.clickOnCarLoanLink()[pri:1, instance:TestCases.LoanTenureCalculatorUICheck@7bedc48a]" name="clickOnCarLoanLink" class="TestCases.CarLoanEMI"/>
        <method signature="HomeLoanEMI.calculatorsDropDownValidation()[pri:7, instance:TestCases.LoanTenureCalculatorUICheck@7bedc48a]" name="calculatorsDropDownValidation" class="TestCases.HomeLoanEMI"/>
        <method signature="HomeLoanEMI.homeLoanEmiCalculatorValidation()[pri:8, instance:TestCases.LoanTenureCalculatorUICheck@7bedc48a]" name="homeLoanEmiCalculatorValidation" class="TestCases.HomeLoanEMI"/>
        <method signature="EMICalculator.calculatorsDropDownValidationFromHomeLoan()[pri:28, instance:TestCases.LoanTenureCalculatorUICheck@7bedc48a]" name="calculatorsDropDownValidationFromHomeLoan" class="TestCases.EMICalculator"/>
        <method signature="EMICalculator.emiCalculatorPageValidation()[pri:29, instance:TestCases.LoanTenureCalculatorUICheck@7bedc48a]" name="emiCalculatorPageValidation" class="TestCases.EMICalculator"/>
        <method signature="CalculateEmiUICheck.validateEmiCalculatorLink()[pri:30, instance:TestCases.LoanTenureCalculatorUICheck@7bedc48a]" name="validateEmiCalculatorLink" class="TestCases.CalculateEmiUICheck"/>
        <method signature="LoanAmountCalculatorUICheck.validateLoanAmountCalculatorLink()[pri:40, instance:TestCases.LoanTenureCalculatorUICheck@7bedc48a]" name="validateLoanAmountCalculatorLink" class="TestCases.LoanAmountCalculatorUICheck"/>
        <method signature="LoanTenureCalculatorUICheck.validateLoanTenureCalculatorLink()[pri:50, instance:TestCases.LoanTenureCalculatorUICheck@7bedc48a]" name="validateLoanTenureCalculatorLink" class="TestCases.LoanTenureCalculatorUICheck"/>
      </group> <!-- Sanity -->
      <group name="Regression">
        <method signature="CarLoanEMI.setCarAmount(java.lang.String,java.lang.String,java.lang.String)[pri:2, instance:TestCases.LoanTenureCalculatorUICheck@7bedc48a]" name="setCarAmount" class="TestCases.CarLoanEMI"/>
        <method signature="CarLoanEMI.setInterestRate(java.lang.String,java.lang.String,java.lang.String)[pri:3, instance:TestCases.LoanTenureCalculatorUICheck@7bedc48a]" name="setInterestRate" class="TestCases.CarLoanEMI"/>
        <method signature="CarLoanEMI.setLoanTenure(java.lang.String,java.lang.String,java.lang.String)[pri:4, instance:TestCases.LoanTenureCalculatorUICheck@7bedc48a]" name="setLoanTenure" class="TestCases.CarLoanEMI"/>
        <method signature="CarLoanEMI.clickOnyear()[pri:5, instance:TestCases.LoanTenureCalculatorUICheck@7bedc48a]" name="clickOnyear" class="TestCases.CarLoanEMI"/>
        <method signature="CarLoanEMI.readData()[pri:6, instance:TestCases.LoanTenureCalculatorUICheck@7bedc48a]" name="readData" class="TestCases.CarLoanEMI"/>
        <method signature="HomeLoanEMI.validateHomeValueInputfield(java.lang.String,java.lang.String,java.lang.String,java.lang.String,java.lang.String,java.lang.String,java.lang.String,java.lang.String,java.lang.String,java.lang.String,java.lang.String)[pri:9, instance:TestCases.LoanTenureCalculatorUICheck@7bedc48a]" name="validateHomeValueInputfield" class="TestCases.HomeLoanEMI"/>
        <method signature="HomeLoanEMI.validateDownPaymentInputFieldInPercentage(java.lang.String,java.lang.String,java.lang.String,java.lang.String,java.lang.String,java.lang.String,java.lang.String,java.lang.String,java.lang.String,java.lang.String,java.lang.String)[pri:10, instance:TestCases.LoanTenureCalculatorUICheck@7bedc48a]" name="validateDownPaymentInputFieldInPercentage" class="TestCases.HomeLoanEMI"/>
        <method signature="HomeLoanEMI.validateDownPaymentRupeesButton()[pri:11, instance:TestCases.LoanTenureCalculatorUICheck@7bedc48a]" name="validateDownPaymentRupeesButton" class="TestCases.HomeLoanEMI"/>
        <method signature="HomeLoanEMI.validateLoanInsuranceInputField(java.lang.String,java.lang.String,java.lang.String,java.lang.String,java.lang.String,java.lang.String,java.lang.String,java.lang.String,java.lang.String,java.lang.String,java.lang.String)[pri:12, instance:TestCases.LoanTenureCalculatorUICheck@7bedc48a]" name="validateLoanInsuranceInputField" class="TestCases.HomeLoanEMI"/>
        <method signature="HomeLoanEMI.validateInterestRateInputField(java.lang.String,java.lang.String,java.lang.String,java.lang.String,java.lang.String,java.lang.String,java.lang.String,java.lang.String,java.lang.String,java.lang.String,java.lang.String)[pri:13, instance:TestCases.LoanTenureCalculatorUICheck@7bedc48a]" name="validateInterestRateInputField" class="TestCases.HomeLoanEMI"/>
        <method signature="HomeLoanEMI.validateLoanTenureInputField(java.lang.String,java.lang.String,java.lang.String,java.lang.String,java.lang.String,java.lang.String,java.lang.String,java.lang.String,java.lang.String,java.lang.String,java.lang.String)[pri:14, instance:TestCases.LoanTenureCalculatorUICheck@7bedc48a]" name="validateLoanTenureInputField" class="TestCases.HomeLoanEMI"/>
        <method signature="HomeLoanEMI.validateLoanTenureMonthsButton()[pri:15, instance:TestCases.LoanTenureCalculatorUICheck@7bedc48a]" name="validateLoanTenureMonthsButton" class="TestCases.HomeLoanEMI"/>
        <method signature="HomeLoanEMI.validateLoanChargesInputField(java.lang.String,java.lang.String,java.lang.String,java.lang.String,java.lang.String,java.lang.String,java.lang.String,java.lang.String,java.lang.String,java.lang.String,java.lang.String)[pri:16, instance:TestCases.LoanTenureCalculatorUICheck@7bedc48a]" name="validateLoanChargesInputField" class="TestCases.HomeLoanEMI"/>
        <method signature="HomeLoanEMI.validateLoanChargesRupeesButtonElement()[pri:17, instance:TestCases.LoanTenureCalculatorUICheck@7bedc48a]" name="validateLoanChargesRupeesButtonElement" class="TestCases.HomeLoanEMI"/>
        <method signature="HomeLoanEMI.validateLoanStartMonthAndYearField()[pri:18, instance:TestCases.LoanTenureCalculatorUICheck@7bedc48a]" name="validateLoanStartMonthAndYearField" class="TestCases.HomeLoanEMI"/>
        <method signature="HomeLoanEMI.validateLoanStartMonthAndYearInputField(java.lang.String,java.lang.String,java.lang.String,java.lang.String,java.lang.String,java.lang.String,java.lang.String,java.lang.String,java.lang.String,java.lang.String,java.lang.String)[pri:19, instance:TestCases.LoanTenureCalculatorUICheck@7bedc48a]" name="validateLoanStartMonthAndYearInputField" class="TestCases.HomeLoanEMI"/>
        <method signature="HomeLoanEMI.validateOneTimeExpensesInputField(java.lang.String,java.lang.String,java.lang.String,java.lang.String,java.lang.String,java.lang.String,java.lang.String,java.lang.String,java.lang.String,java.lang.String,java.lang.String)[pri:20, instance:TestCases.LoanTenureCalculatorUICheck@7bedc48a]" name="validateOneTimeExpensesInputField" class="TestCases.HomeLoanEMI"/>
        <method signature="HomeLoanEMI.validateOneTimeExpensesRupeesButton()[pri:21, instance:TestCases.LoanTenureCalculatorUICheck@7bedc48a]" name="validateOneTimeExpensesRupeesButton" class="TestCases.HomeLoanEMI"/>
        <method signature="HomeLoanEMI.validatePropertyTaxesPerYearInputField(java.lang.String,java.lang.String,java.lang.String,java.lang.String,java.lang.String,java.lang.String,java.lang.String,java.lang.String,java.lang.String,java.lang.String,java.lang.String)[pri:22, instance:TestCases.LoanTenureCalculatorUICheck@7bedc48a]" name="validatePropertyTaxesPerYearInputField" class="TestCases.HomeLoanEMI"/>
        <method signature="HomeLoanEMI.validatePropertyTaxesPerYearRupeesButton()[pri:23, instance:TestCases.LoanTenureCalculatorUICheck@7bedc48a]" name="validatePropertyTaxesPerYearRupeesButton" class="TestCases.HomeLoanEMI"/>
        <method signature="HomeLoanEMI.validateHomeInsurancePerYearInputField(java.lang.String,java.lang.String,java.lang.String,java.lang.String,java.lang.String,java.lang.String,java.lang.String,java.lang.String,java.lang.String,java.lang.String,java.lang.String)[pri:24, instance:TestCases.LoanTenureCalculatorUICheck@7bedc48a]" name="validateHomeInsurancePerYearInputField" class="TestCases.HomeLoanEMI"/>
        <method signature="HomeLoanEMI.validateHomeInsurancePerYearRupeesButton()[pri:25, instance:TestCases.LoanTenureCalculatorUICheck@7bedc48a]" name="validateHomeInsurancePerYearRupeesButton" class="TestCases.HomeLoanEMI"/>
        <method signature="HomeLoanEMI.validateMaintenanceExpensesPerMonthInputField(java.lang.String,java.lang.String,java.lang.String,java.lang.String,java.lang.String,java.lang.String,java.lang.String,java.lang.String,java.lang.String,java.lang.String,java.lang.String)[pri:26, instance:TestCases.LoanTenureCalculatorUICheck@7bedc48a]" name="validateMaintenanceExpensesPerMonthInputField" class="TestCases.HomeLoanEMI"/>
        <method signature="HomeLoanEMI.printAllTheData()[pri:27, instance:TestCases.LoanTenureCalculatorUICheck@7bedc48a]" name="printAllTheData" class="TestCases.HomeLoanEMI"/>
        <method signature="CalculateEmiUICheck.verifyEmiCalculatorLoanAmountInputFieldPresence()[pri:31, instance:TestCases.LoanTenureCalculatorUICheck@7bedc48a]" name="verifyEmiCalculatorLoanAmountInputFieldPresence" class="TestCases.CalculateEmiUICheck"/>
        <method signature="CalculateEmiUICheck.validateEmiCalculatorLoanAmountInputFieldByPassingValue(java.lang.String,java.lang.String,java.lang.String,java.lang.String)[pri:32, instance:TestCases.LoanTenureCalculatorUICheck@7bedc48a]" name="validateEmiCalculatorLoanAmountInputFieldByPassingValue" class="TestCases.CalculateEmiUICheck"/>
        <method signature="CalculateEmiUICheck.verifyEmiCalculatorInterestRateInputFieldPresence()[pri:33, instance:TestCases.LoanTenureCalculatorUICheck@7bedc48a]" name="verifyEmiCalculatorInterestRateInputFieldPresence" class="TestCases.CalculateEmiUICheck"/>
        <method signature="CalculateEmiUICheck.validateEmiCalculatorInterestRateInputFieldByPassingValue(java.lang.String,java.lang.String,java.lang.String,java.lang.String)[pri:34, instance:TestCases.LoanTenureCalculatorUICheck@7bedc48a]" name="validateEmiCalculatorInterestRateInputFieldByPassingValue" class="TestCases.CalculateEmiUICheck"/>
        <method signature="CalculateEmiUICheck.verifyEmiCalculatorLoanTenureInputFieldPresence()[pri:35, instance:TestCases.LoanTenureCalculatorUICheck@7bedc48a]" name="verifyEmiCalculatorLoanTenureInputFieldPresence" class="TestCases.CalculateEmiUICheck"/>
        <method signature="CalculateEmiUICheck.validateEmiCalculatorLoanTenureInputFieldByPassingValue(java.lang.String,java.lang.String,java.lang.String,java.lang.String)[pri:36, instance:TestCases.LoanTenureCalculatorUICheck@7bedc48a]" name="validateEmiCalculatorLoanTenureInputFieldByPassingValue" class="TestCases.CalculateEmiUICheck"/>
        <method signature="CalculateEmiUICheck.validateEmiCalculatorLoanTenureMonthButton()[pri:37, instance:TestCases.LoanTenureCalculatorUICheck@7bedc48a]" name="validateEmiCalculatorLoanTenureMonthButton" class="TestCases.CalculateEmiUICheck"/>
        <method signature="CalculateEmiUICheck.verifyEmiCalculatorLoanChargesInputFieldPresence()[pri:38, instance:TestCases.LoanTenureCalculatorUICheck@7bedc48a]" name="verifyEmiCalculatorLoanChargesInputFieldPresence" class="TestCases.CalculateEmiUICheck"/>
        <method signature="CalculateEmiUICheck.validateEmiCalculatorLoanChargesInputFieldByPassingValue(java.lang.String,java.lang.String,java.lang.String,java.lang.String)[pri:39, instance:TestCases.LoanTenureCalculatorUICheck@7bedc48a]" name="validateEmiCalculatorLoanChargesInputFieldByPassingValue" class="TestCases.CalculateEmiUICheck"/>
        <method signature="LoanAmountCalculatorUICheck.verifyEmiInputFieldPresence()[pri:41, instance:TestCases.LoanTenureCalculatorUICheck@7bedc48a]" name="verifyEmiInputFieldPresence" class="TestCases.LoanAmountCalculatorUICheck"/>
        <method signature="LoanAmountCalculatorUICheck.verifyEmiInputFieldByPassingValue(java.lang.String,java.lang.String,java.lang.String,java.lang.String)[pri:42, instance:TestCases.LoanTenureCalculatorUICheck@7bedc48a]" name="verifyEmiInputFieldByPassingValue" class="TestCases.LoanAmountCalculatorUICheck"/>
        <method signature="LoanAmountCalculatorUICheck.verifyLoanAmountInterestRateInputFieldPresence()[pri:43, instance:TestCases.LoanTenureCalculatorUICheck@7bedc48a]" name="verifyLoanAmountInterestRateInputFieldPresence" class="TestCases.LoanAmountCalculatorUICheck"/>
        <method signature="LoanAmountCalculatorUICheck.validateLoanAmountInterestRateInputFieldByPassingValue(java.lang.String,java.lang.String,java.lang.String,java.lang.String)[pri:44, instance:TestCases.LoanTenureCalculatorUICheck@7bedc48a]" name="validateLoanAmountInterestRateInputFieldByPassingValue" class="TestCases.LoanAmountCalculatorUICheck"/>
        <method signature="LoanAmountCalculatorUICheck.verifyLoanAmountTenureInputFieldPresence()[pri:45, instance:TestCases.LoanTenureCalculatorUICheck@7bedc48a]" name="verifyLoanAmountTenureInputFieldPresence" class="TestCases.LoanAmountCalculatorUICheck"/>
        <method signature="LoanAmountCalculatorUICheck.validateLoanAmountTenureInputFieldByPassingValue(java.lang.String,java.lang.String,java.lang.String,java.lang.String)[pri:46, instance:TestCases.LoanTenureCalculatorUICheck@7bedc48a]" name="validateLoanAmountTenureInputFieldByPassingValue" class="TestCases.LoanAmountCalculatorUICheck"/>
        <method signature="LoanAmountCalculatorUICheck.validateLoanAmountLoanTenureMonthButton()[pri:47, instance:TestCases.LoanTenureCalculatorUICheck@7bedc48a]" name="validateLoanAmountLoanTenureMonthButton" class="TestCases.LoanAmountCalculatorUICheck"/>
        <method signature="LoanAmountCalculatorUICheck.verifyLoanAmountLoanChargesInputFieldPresence()[pri:48, instance:TestCases.LoanTenureCalculatorUICheck@7bedc48a]" name="verifyLoanAmountLoanChargesInputFieldPresence" class="TestCases.LoanAmountCalculatorUICheck"/>
        <method signature="LoanAmountCalculatorUICheck.validateLoanAmountLoanChargesInputFieldByPassingValue(java.lang.String,java.lang.String,java.lang.String,java.lang.String)[pri:49, instance:TestCases.LoanTenureCalculatorUICheck@7bedc48a]" name="validateLoanAmountLoanChargesInputFieldByPassingValue" class="TestCases.LoanAmountCalculatorUICheck"/>
        <method signature="LoanTenureCalculatorUICheck.verifyLoanTenureLoanAmountInputFieldPresence()[pri:51, instance:TestCases.LoanTenureCalculatorUICheck@7bedc48a]" name="verifyLoanTenureLoanAmountInputFieldPresence" class="TestCases.LoanTenureCalculatorUICheck"/>
        <method signature="LoanTenureCalculatorUICheck.validateLoanTenureLoanAmountInputFieldByPassingValue(java.lang.String,java.lang.String,java.lang.String)[pri:52, instance:TestCases.LoanTenureCalculatorUICheck@7bedc48a]" name="validateLoanTenureLoanAmountInputFieldByPassingValue" class="TestCases.LoanTenureCalculatorUICheck"/>
        <method signature="LoanTenureCalculatorUICheck.verifyLoanTenureEmiInputFieldPresence()[pri:53, instance:TestCases.LoanTenureCalculatorUICheck@7bedc48a]" name="verifyLoanTenureEmiInputFieldPresence" class="TestCases.LoanTenureCalculatorUICheck"/>
        <method signature="LoanTenureCalculatorUICheck.verifyLoanTenureInterestRateInputFieldPresence()[pri:54, instance:TestCases.LoanTenureCalculatorUICheck@7bedc48a]" name="verifyLoanTenureInterestRateInputFieldPresence" class="TestCases.LoanTenureCalculatorUICheck"/>
        <method signature="LoanTenureCalculatorUICheck.validateLoanTenureInterestRateInputFieldByPassingValue(java.lang.String,java.lang.String,java.lang.String)[pri:55, instance:TestCases.LoanTenureCalculatorUICheck@7bedc48a]" name="validateLoanTenureInterestRateInputFieldByPassingValue" class="TestCases.LoanTenureCalculatorUICheck"/>
        <method signature="LoanTenureCalculatorUICheck.verifyLoanTenuteLoanChargesInputFieldPresence()[pri:56, instance:TestCases.LoanTenureCalculatorUICheck@7bedc48a]" name="verifyLoanTenuteLoanChargesInputFieldPresence" class="TestCases.LoanTenureCalculatorUICheck"/>
        <method signature="LoanTenureCalculatorUICheck.validateLoanTenureLoanChargesInputFieldByValue(java.lang.String,java.lang.String,java.lang.String)[pri:57, instance:TestCases.LoanTenureCalculatorUICheck@7bedc48a]" name="validateLoanTenureLoanChargesInputFieldByValue" class="TestCases.LoanTenureCalculatorUICheck"/>
      </group> <!-- Regression -->
    </groups>
    <test started-at="2024-02-15T12:03:05 IST" name="Test" finished-at="2024-02-15T12:06:01 IST" duration-ms="176202">
      <class name="TestCases.LoanTenureCalculatorUICheck">
        <test-method is-config="true" signature="setUp(java.lang.String,java.lang.String)[pri:0, instance:TestCases.LoanTenureCalculatorUICheck@7bedc48a]" started-at="2024-02-15T12:03:06 IST" name="setUp" finished-at="2024-02-15T12:03:34 IST" duration-ms="27888" status="PASS">
          <params>
            <param index="0">
              <value>
                <![CDATA[Windows]]>
              </value>
            </param>
            <param index="1">
              <value>
                <![CDATA[edge]]>
              </value>
            </param>
          </params>
          <reporter-output>
          </reporter-output>
        </test-method> <!-- setUp -->
        <test-method signature="clickOnCarLoanLink()[pri:1, instance:TestCases.LoanTenureCalculatorUICheck@7bedc48a]" started-at="2024-02-15T12:03:34 IST" name="clickOnCarLoanLink" finished-at="2024-02-15T12:03:39 IST" duration-ms="5087" status="PASS">
          <reporter-output>
          </reporter-output>
        </test-method> <!-- clickOnCarLoanLink -->
        <test-method signature="setCarAmount(java.lang.String,java.lang.String,java.lang.String)[pri:2, instance:TestCases.LoanTenureCalculatorUICheck@7bedc48a]" started-at="2024-02-15T12:03:44 IST" name="setCarAmount" data-provider="carLoanData" finished-at="2024-02-15T12:03:45 IST" depends-on-methods="TestCases.CarLoanEMI.clickOnCarLoanLink" duration-ms="933" status="PASS">
          <params>
            <param index="0">
              <value>
                <![CDATA[15,00,000]]>
              </value>
            </param>
            <param index="1">
              <value>
                <![CDATA[9.5]]>
              </value>
            </param>
            <param index="2">
              <value>
                <![CDATA[1.0]]>
              </value>
            </param>
          </params>
          <reporter-output>
          </reporter-output>
        </test-method> <!-- setCarAmount -->
        <test-method signature="setInterestRate(java.lang.String,java.lang.String,java.lang.String)[pri:3, instance:TestCases.LoanTenureCalculatorUICheck@7bedc48a]" started-at="2024-02-15T12:03:46 IST" name="setInterestRate" data-provider="carLoanData" finished-at="2024-02-15T12:03:47 IST" depends-on-methods="TestCases.CarLoanEMI.clickOnCarLoanLink" duration-ms="1178" status="PASS">
          <params>
            <param index="0">
              <value>
                <![CDATA[15,00,000]]>
              </value>
            </param>
            <param index="1">
              <value>
                <![CDATA[9.5]]>
              </value>
            </param>
            <param index="2">
              <value>
                <![CDATA[1.0]]>
              </value>
            </param>
          </params>
          <reporter-output>
          </reporter-output>
        </test-method> <!-- setInterestRate -->
        <test-method signature="setLoanTenure(java.lang.String,java.lang.String,java.lang.String)[pri:4, instance:TestCases.LoanTenureCalculatorUICheck@7bedc48a]" started-at="2024-02-15T12:03:48 IST" name="setLoanTenure" data-provider="carLoanData" finished-at="2024-02-15T12:03:49 IST" depends-on-methods="TestCases.CarLoanEMI.clickOnCarLoanLink" duration-ms="872" status="PASS">
          <params>
            <param index="0">
              <value>
                <![CDATA[15,00,000]]>
              </value>
            </param>
            <param index="1">
              <value>
                <![CDATA[9.5]]>
              </value>
            </param>
            <param index="2">
              <value>
                <![CDATA[1.0]]>
              </value>
            </param>
          </params>
          <reporter-output>
          </reporter-output>
        </test-method> <!-- setLoanTenure -->
        <test-method signature="clickOnyear()[pri:5, instance:TestCases.LoanTenureCalculatorUICheck@7bedc48a]" started-at="2024-02-15T12:03:49 IST" name="clickOnyear" finished-at="2024-02-15T12:03:50 IST" depends-on-methods="TestCases.CarLoanEMI.clickOnCarLoanLink" duration-ms="997" status="PASS">
          <reporter-output>
          </reporter-output>
        </test-method> <!-- clickOnyear -->
        <test-method signature="readData()[pri:6, instance:TestCases.LoanTenureCalculatorUICheck@7bedc48a]" started-at="2024-02-15T12:03:51 IST" name="readData" finished-at="2024-02-15T12:03:51 IST" depends-on-methods="TestCases.CarLoanEMI.clickOnCarLoanLink" duration-ms="183" status="PASS">
          <reporter-output>
          </reporter-output>
        </test-method> <!-- readData -->
        <test-method signature="calculatorsDropDownValidation()[pri:7, instance:TestCases.LoanTenureCalculatorUICheck@7bedc48a]" started-at="2024-02-15T12:03:51 IST" name="calculatorsDropDownValidation" finished-at="2024-02-15T12:03:52 IST" duration-ms="269" status="PASS">
          <reporter-output>
          </reporter-output>
        </test-method> <!-- calculatorsDropDownValidation -->
        <test-method signature="homeLoanEmiCalculatorValidation()[pri:8, instance:TestCases.LoanTenureCalculatorUICheck@7bedc48a]" started-at="2024-02-15T12:03:52 IST" name="homeLoanEmiCalculatorValidation" finished-at="2024-02-15T12:03:57 IST" duration-ms="4568" status="PASS">
          <reporter-output>
          </reporter-output>
        </test-method> <!-- homeLoanEmiCalculatorValidation -->
        <test-method signature="validateHomeValueInputfield(java.lang.String,java.lang.String,java.lang.String,java.lang.String,java.lang.String,java.lang.String,java.lang.String,java.lang.String,java.lang.String,java.lang.String,java.lang.String)[pri:9, instance:TestCases.LoanTenureCalculatorUICheck@7bedc48a]" started-at="2024-02-15T12:03:59 IST" name="validateHomeValueInputfield" data-provider="homeLoanDetailsData" finished-at="2024-02-15T12:04:04 IST" depends-on-methods="TestCases.HomeLoanEMI.homeLoanEmiCalculatorValidation, TestCases.HomeLoanEMI.calculatorsDropDownValidation" duration-ms="5188" status="PASS">
          <params>
            <param index="0">
              <value>
                <![CDATA[2,00,00,000]]>
              </value>
            </param>
            <param index="1">
              <value>
                <![CDATA[25.0]]>
              </value>
            </param>
            <param index="2">
              <value>
                <![CDATA[10,00,000]]>
              </value>
            </param>
            <param index="3">
              <value>
                <![CDATA[12.0]]>
              </value>
            </param>
            <param index="4">
              <value>
                <![CDATA[10.0]]>
              </value>
            </param>
            <param index="5">
              <value>
                <![CDATA[0.3]]>
              </value>
            </param>
            <param index="6">
              <value>
                <![CDATA[01-Feb-2029]]>
              </value>
            </param>
            <param index="7">
              <value>
                <![CDATA[5.0]]>
              </value>
            </param>
            <param index="8">
              <value>
                <![CDATA[0.3]]>
              </value>
            </param>
            <param index="9">
              <value>
                <![CDATA[0.1]]>
              </value>
            </param>
            <param index="10">
              <value>
                <![CDATA[3000.0]]>
              </value>
            </param>
          </params>
          <reporter-output>
          </reporter-output>
        </test-method> <!-- validateHomeValueInputfield -->
        <test-method signature="validateDownPaymentInputFieldInPercentage(java.lang.String,java.lang.String,java.lang.String,java.lang.String,java.lang.String,java.lang.String,java.lang.String,java.lang.String,java.lang.String,java.lang.String,java.lang.String)[pri:10, instance:TestCases.LoanTenureCalculatorUICheck@7bedc48a]" started-at="2024-02-15T12:04:06 IST" name="validateDownPaymentInputFieldInPercentage" data-provider="homeLoanDetailsData" finished-at="2024-02-15T12:04:11 IST" depends-on-methods="TestCases.HomeLoanEMI.homeLoanEmiCalculatorValidation, TestCases.HomeLoanEMI.calculatorsDropDownValidation" duration-ms="4461" status="PASS">
          <params>
            <param index="0">
              <value>
                <![CDATA[2,00,00,000]]>
              </value>
            </param>
            <param index="1">
              <value>
                <![CDATA[25.0]]>
              </value>
            </param>
            <param index="2">
              <value>
                <![CDATA[10,00,000]]>
              </value>
            </param>
            <param index="3">
              <value>
                <![CDATA[12.0]]>
              </value>
            </param>
            <param index="4">
              <value>
                <![CDATA[10.0]]>
              </value>
            </param>
            <param index="5">
              <value>
                <![CDATA[0.3]]>
              </value>
            </param>
            <param index="6">
              <value>
                <![CDATA[01-Feb-2029]]>
              </value>
            </param>
            <param index="7">
              <value>
                <![CDATA[5.0]]>
              </value>
            </param>
            <param index="8">
              <value>
                <![CDATA[0.3]]>
              </value>
            </param>
            <param index="9">
              <value>
                <![CDATA[0.1]]>
              </value>
            </param>
            <param index="10">
              <value>
                <![CDATA[3000.0]]>
              </value>
            </param>
          </params>
          <reporter-output>
          </reporter-output>
        </test-method> <!-- validateDownPaymentInputFieldInPercentage -->
        <test-method signature="validateDownPaymentRupeesButton()[pri:11, instance:TestCases.LoanTenureCalculatorUICheck@7bedc48a]" started-at="2024-02-15T12:04:11 IST" name="validateDownPaymentRupeesButton" finished-at="2024-02-15T12:04:12 IST" depends-on-methods="TestCases.HomeLoanEMI.homeLoanEmiCalculatorValidation, TestCases.HomeLoanEMI.calculatorsDropDownValidation" duration-ms="804" status="PASS">
          <reporter-output>
          </reporter-output>
        </test-method> <!-- validateDownPaymentRupeesButton -->
        <test-method signature="validateLoanInsuranceInputField(java.lang.String,java.lang.String,java.lang.String,java.lang.String,java.lang.String,java.lang.String,java.lang.String,java.lang.String,java.lang.String,java.lang.String,java.lang.String)[pri:12, instance:TestCases.LoanTenureCalculatorUICheck@7bedc48a]" started-at="2024-02-15T12:04:13 IST" name="validateLoanInsuranceInputField" data-provider="homeLoanDetailsData" finished-at="2024-02-15T12:04:18 IST" depends-on-methods="TestCases.HomeLoanEMI.homeLoanEmiCalculatorValidation, TestCases.HomeLoanEMI.calculatorsDropDownValidation" duration-ms="4199" status="PASS">
          <params>
            <param index="0">
              <value>
                <![CDATA[2,00,00,000]]>
              </value>
            </param>
            <param index="1">
              <value>
                <![CDATA[25.0]]>
              </value>
            </param>
            <param index="2">
              <value>
                <![CDATA[10,00,000]]>
              </value>
            </param>
            <param index="3">
              <value>
                <![CDATA[12.0]]>
              </value>
            </param>
            <param index="4">
              <value>
                <![CDATA[10.0]]>
              </value>
            </param>
            <param index="5">
              <value>
                <![CDATA[0.3]]>
              </value>
            </param>
            <param index="6">
              <value>
                <![CDATA[01-Feb-2029]]>
              </value>
            </param>
            <param index="7">
              <value>
                <![CDATA[5.0]]>
              </value>
            </param>
            <param index="8">
              <value>
                <![CDATA[0.3]]>
              </value>
            </param>
            <param index="9">
              <value>
                <![CDATA[0.1]]>
              </value>
            </param>
            <param index="10">
              <value>
                <![CDATA[3000.0]]>
              </value>
            </param>
          </params>
          <reporter-output>
          </reporter-output>
        </test-method> <!-- validateLoanInsuranceInputField -->
        <test-method signature="validateInterestRateInputField(java.lang.String,java.lang.String,java.lang.String,java.lang.String,java.lang.String,java.lang.String,java.lang.String,java.lang.String,java.lang.String,java.lang.String,java.lang.String)[pri:13, instance:TestCases.LoanTenureCalculatorUICheck@7bedc48a]" started-at="2024-02-15T12:04:19 IST" name="validateInterestRateInputField" data-provider="homeLoanDetailsData" finished-at="2024-02-15T12:04:19 IST" depends-on-methods="TestCases.HomeLoanEMI.homeLoanEmiCalculatorValidation, TestCases.HomeLoanEMI.calculatorsDropDownValidation" duration-ms="374" status="PASS">
          <params>
            <param index="0">
              <value>
                <![CDATA[2,00,00,000]]>
              </value>
            </param>
            <param index="1">
              <value>
                <![CDATA[25.0]]>
              </value>
            </param>
            <param index="2">
              <value>
                <![CDATA[10,00,000]]>
              </value>
            </param>
            <param index="3">
              <value>
                <![CDATA[12.0]]>
              </value>
            </param>
            <param index="4">
              <value>
                <![CDATA[10.0]]>
              </value>
            </param>
            <param index="5">
              <value>
                <![CDATA[0.3]]>
              </value>
            </param>
            <param index="6">
              <value>
                <![CDATA[01-Feb-2029]]>
              </value>
            </param>
            <param index="7">
              <value>
                <![CDATA[5.0]]>
              </value>
            </param>
            <param index="8">
              <value>
                <![CDATA[0.3]]>
              </value>
            </param>
            <param index="9">
              <value>
                <![CDATA[0.1]]>
              </value>
            </param>
            <param index="10">
              <value>
                <![CDATA[3000.0]]>
              </value>
            </param>
          </params>
          <reporter-output>
          </reporter-output>
        </test-method> <!-- validateInterestRateInputField -->
        <test-method signature="validateLoanTenureInputField(java.lang.String,java.lang.String,java.lang.String,java.lang.String,java.lang.String,java.lang.String,java.lang.String,java.lang.String,java.lang.String,java.lang.String,java.lang.String)[pri:14, instance:TestCases.LoanTenureCalculatorUICheck@7bedc48a]" started-at="2024-02-15T12:04:21 IST" name="validateLoanTenureInputField" data-provider="homeLoanDetailsData" finished-at="2024-02-15T12:04:21 IST" depends-on-methods="TestCases.HomeLoanEMI.homeLoanEmiCalculatorValidation, TestCases.HomeLoanEMI.calculatorsDropDownValidation" duration-ms="697" status="PASS">
          <params>
            <param index="0">
              <value>
                <![CDATA[2,00,00,000]]>
              </value>
            </param>
            <param index="1">
              <value>
                <![CDATA[25.0]]>
              </value>
            </param>
            <param index="2">
              <value>
                <![CDATA[10,00,000]]>
              </value>
            </param>
            <param index="3">
              <value>
                <![CDATA[12.0]]>
              </value>
            </param>
            <param index="4">
              <value>
                <![CDATA[10.0]]>
              </value>
            </param>
            <param index="5">
              <value>
                <![CDATA[0.3]]>
              </value>
            </param>
            <param index="6">
              <value>
                <![CDATA[01-Feb-2029]]>
              </value>
            </param>
            <param index="7">
              <value>
                <![CDATA[5.0]]>
              </value>
            </param>
            <param index="8">
              <value>
                <![CDATA[0.3]]>
              </value>
            </param>
            <param index="9">
              <value>
                <![CDATA[0.1]]>
              </value>
            </param>
            <param index="10">
              <value>
                <![CDATA[3000.0]]>
              </value>
            </param>
          </params>
          <reporter-output>
          </reporter-output>
        </test-method> <!-- validateLoanTenureInputField -->
        <test-method signature="validateLoanTenureMonthsButton()[pri:15, instance:TestCases.LoanTenureCalculatorUICheck@7bedc48a]" started-at="2024-02-15T12:04:22 IST" name="validateLoanTenureMonthsButton" finished-at="2024-02-15T12:04:23 IST" depends-on-methods="TestCases.HomeLoanEMI.homeLoanEmiCalculatorValidation, TestCases.HomeLoanEMI.calculatorsDropDownValidation" duration-ms="997" status="PASS">
          <reporter-output>
          </reporter-output>
        </test-method> <!-- validateLoanTenureMonthsButton -->
        <test-method signature="validateLoanChargesInputField(java.lang.String,java.lang.String,java.lang.String,java.lang.String,java.lang.String,java.lang.String,java.lang.String,java.lang.String,java.lang.String,java.lang.String,java.lang.String)[pri:16, instance:TestCases.LoanTenureCalculatorUICheck@7bedc48a]" started-at="2024-02-15T12:04:24 IST" name="validateLoanChargesInputField" data-provider="homeLoanDetailsData" finished-at="2024-02-15T12:04:29 IST" depends-on-methods="TestCases.HomeLoanEMI.homeLoanEmiCalculatorValidation, TestCases.HomeLoanEMI.calculatorsDropDownValidation" duration-ms="5009" status="PASS">
          <params>
            <param index="0">
              <value>
                <![CDATA[2,00,00,000]]>
              </value>
            </param>
            <param index="1">
              <value>
                <![CDATA[25.0]]>
              </value>
            </param>
            <param index="2">
              <value>
                <![CDATA[10,00,000]]>
              </value>
            </param>
            <param index="3">
              <value>
                <![CDATA[12.0]]>
              </value>
            </param>
            <param index="4">
              <value>
                <![CDATA[10.0]]>
              </value>
            </param>
            <param index="5">
              <value>
                <![CDATA[0.3]]>
              </value>
            </param>
            <param index="6">
              <value>
                <![CDATA[01-Feb-2029]]>
              </value>
            </param>
            <param index="7">
              <value>
                <![CDATA[5.0]]>
              </value>
            </param>
            <param index="8">
              <value>
                <![CDATA[0.3]]>
              </value>
            </param>
            <param index="9">
              <value>
                <![CDATA[0.1]]>
              </value>
            </param>
            <param index="10">
              <value>
                <![CDATA[3000.0]]>
              </value>
            </param>
          </params>
          <reporter-output>
          </reporter-output>
        </test-method> <!-- validateLoanChargesInputField -->
        <test-method signature="validateLoanChargesRupeesButtonElement()[pri:17, instance:TestCases.LoanTenureCalculatorUICheck@7bedc48a]" started-at="2024-02-15T12:04:30 IST" name="validateLoanChargesRupeesButtonElement" finished-at="2024-02-15T12:04:30 IST" depends-on-methods="TestCases.HomeLoanEMI.homeLoanEmiCalculatorValidation, TestCases.HomeLoanEMI.calculatorsDropDownValidation" duration-ms="572" status="PASS">
          <reporter-output>
          </reporter-output>
        </test-method> <!-- validateLoanChargesRupeesButtonElement -->
        <test-method signature="validateLoanStartMonthAndYearField()[pri:18, instance:TestCases.LoanTenureCalculatorUICheck@7bedc48a]" started-at="2024-02-15T12:04:30 IST" name="validateLoanStartMonthAndYearField" finished-at="2024-02-15T12:04:31 IST" depends-on-methods="TestCases.HomeLoanEMI.homeLoanEmiCalculatorValidation, TestCases.HomeLoanEMI.calculatorsDropDownValidation" duration-ms="567" status="PASS">
          <reporter-output>
          </reporter-output>
        </test-method> <!-- validateLoanStartMonthAndYearField -->
        <test-method signature="validateLoanStartMonthAndYearInputField(java.lang.String,java.lang.String,java.lang.String,java.lang.String,java.lang.String,java.lang.String,java.lang.String,java.lang.String,java.lang.String,java.lang.String,java.lang.String)[pri:19, instance:TestCases.LoanTenureCalculatorUICheck@7bedc48a]" started-at="2024-02-15T12:04:32 IST" name="validateLoanStartMonthAndYearInputField" data-provider="homeLoanDetailsData" finished-at="2024-02-15T12:04:34 IST" depends-on-methods="TestCases.HomeLoanEMI.homeLoanEmiCalculatorValidation, TestCases.HomeLoanEMI.calculatorsDropDownValidation" duration-ms="2193" status="PASS">
          <params>
            <param index="0">
              <value>
                <![CDATA[2,00,00,000]]>
              </value>
            </param>
            <param index="1">
              <value>
                <![CDATA[25.0]]>
              </value>
            </param>
            <param index="2">
              <value>
                <![CDATA[10,00,000]]>
              </value>
            </param>
            <param index="3">
              <value>
                <![CDATA[12.0]]>
              </value>
            </param>
            <param index="4">
              <value>
                <![CDATA[10.0]]>
              </value>
            </param>
            <param index="5">
              <value>
                <![CDATA[0.3]]>
              </value>
            </param>
            <param index="6">
              <value>
                <![CDATA[01-Feb-2029]]>
              </value>
            </param>
            <param index="7">
              <value>
                <![CDATA[5.0]]>
              </value>
            </param>
            <param index="8">
              <value>
                <![CDATA[0.3]]>
              </value>
            </param>
            <param index="9">
              <value>
                <![CDATA[0.1]]>
              </value>
            </param>
            <param index="10">
              <value>
                <![CDATA[3000.0]]>
              </value>
            </param>
          </params>
          <reporter-output>
          </reporter-output>
        </test-method> <!-- validateLoanStartMonthAndYearInputField -->
        <test-method signature="validateOneTimeExpensesInputField(java.lang.String,java.lang.String,java.lang.String,java.lang.String,java.lang.String,java.lang.String,java.lang.String,java.lang.String,java.lang.String,java.lang.String,java.lang.String)[pri:20, instance:TestCases.LoanTenureCalculatorUICheck@7bedc48a]" started-at="2024-02-15T12:04:36 IST" name="validateOneTimeExpensesInputField" data-provider="homeLoanDetailsData" finished-at="2024-02-15T12:04:36 IST" depends-on-methods="TestCases.HomeLoanEMI.homeLoanEmiCalculatorValidation, TestCases.HomeLoanEMI.calculatorsDropDownValidation" duration-ms="647" status="PASS">
          <params>
            <param index="0">
              <value>
                <![CDATA[2,00,00,000]]>
              </value>
            </param>
            <param index="1">
              <value>
                <![CDATA[25.0]]>
              </value>
            </param>
            <param index="2">
              <value>
                <![CDATA[10,00,000]]>
              </value>
            </param>
            <param index="3">
              <value>
                <![CDATA[12.0]]>
              </value>
            </param>
            <param index="4">
              <value>
                <![CDATA[10.0]]>
              </value>
            </param>
            <param index="5">
              <value>
                <![CDATA[0.3]]>
              </value>
            </param>
            <param index="6">
              <value>
                <![CDATA[01-Feb-2029]]>
              </value>
            </param>
            <param index="7">
              <value>
                <![CDATA[5.0]]>
              </value>
            </param>
            <param index="8">
              <value>
                <![CDATA[0.3]]>
              </value>
            </param>
            <param index="9">
              <value>
                <![CDATA[0.1]]>
              </value>
            </param>
            <param index="10">
              <value>
                <![CDATA[3000.0]]>
              </value>
            </param>
          </params>
          <reporter-output>
          </reporter-output>
        </test-method> <!-- validateOneTimeExpensesInputField -->
        <test-method signature="validateOneTimeExpensesRupeesButton()[pri:21, instance:TestCases.LoanTenureCalculatorUICheck@7bedc48a]" started-at="2024-02-15T12:04:37 IST" name="validateOneTimeExpensesRupeesButton" finished-at="2024-02-15T12:04:40 IST" depends-on-methods="TestCases.HomeLoanEMI.homeLoanEmiCalculatorValidation, TestCases.HomeLoanEMI.calculatorsDropDownValidation" duration-ms="3565" status="PASS">
          <reporter-output>
          </reporter-output>
        </test-method> <!-- validateOneTimeExpensesRupeesButton -->
        <test-method signature="validatePropertyTaxesPerYearInputField(java.lang.String,java.lang.String,java.lang.String,java.lang.String,java.lang.String,java.lang.String,java.lang.String,java.lang.String,java.lang.String,java.lang.String,java.lang.String)[pri:22, instance:TestCases.LoanTenureCalculatorUICheck@7bedc48a]" started-at="2024-02-15T12:04:42 IST" name="validatePropertyTaxesPerYearInputField" data-provider="homeLoanDetailsData" finished-at="2024-02-15T12:04:42 IST" depends-on-methods="TestCases.HomeLoanEMI.homeLoanEmiCalculatorValidation, TestCases.HomeLoanEMI.calculatorsDropDownValidation" duration-ms="337" status="PASS">
          <params>
            <param index="0">
              <value>
                <![CDATA[2,00,00,000]]>
              </value>
            </param>
            <param index="1">
              <value>
                <![CDATA[25.0]]>
              </value>
            </param>
            <param index="2">
              <value>
                <![CDATA[10,00,000]]>
              </value>
            </param>
            <param index="3">
              <value>
                <![CDATA[12.0]]>
              </value>
            </param>
            <param index="4">
              <value>
                <![CDATA[10.0]]>
              </value>
            </param>
            <param index="5">
              <value>
                <![CDATA[0.3]]>
              </value>
            </param>
            <param index="6">
              <value>
                <![CDATA[01-Feb-2029]]>
              </value>
            </param>
            <param index="7">
              <value>
                <![CDATA[5.0]]>
              </value>
            </param>
            <param index="8">
              <value>
                <![CDATA[0.3]]>
              </value>
            </param>
            <param index="9">
              <value>
                <![CDATA[0.1]]>
              </value>
            </param>
            <param index="10">
              <value>
                <![CDATA[3000.0]]>
              </value>
            </param>
          </params>
          <reporter-output>
          </reporter-output>
        </test-method> <!-- validatePropertyTaxesPerYearInputField -->
        <test-method signature="validatePropertyTaxesPerYearRupeesButton()[pri:23, instance:TestCases.LoanTenureCalculatorUICheck@7bedc48a]" started-at="2024-02-15T12:04:42 IST" name="validatePropertyTaxesPerYearRupeesButton" finished-at="2024-02-15T12:04:46 IST" depends-on-methods="TestCases.HomeLoanEMI.homeLoanEmiCalculatorValidation, TestCases.HomeLoanEMI.calculatorsDropDownValidation" duration-ms="3660" status="PASS">
          <reporter-output>
          </reporter-output>
        </test-method> <!-- validatePropertyTaxesPerYearRupeesButton -->
        <test-method signature="validateHomeInsurancePerYearInputField(java.lang.String,java.lang.String,java.lang.String,java.lang.String,java.lang.String,java.lang.String,java.lang.String,java.lang.String,java.lang.String,java.lang.String,java.lang.String)[pri:24, instance:TestCases.LoanTenureCalculatorUICheck@7bedc48a]" started-at="2024-02-15T12:04:47 IST" name="validateHomeInsurancePerYearInputField" data-provider="homeLoanDetailsData" finished-at="2024-02-15T12:04:48 IST" depends-on-methods="TestCases.HomeLoanEMI.homeLoanEmiCalculatorValidation, TestCases.HomeLoanEMI.calculatorsDropDownValidation" duration-ms="559" status="PASS">
          <params>
            <param index="0">
              <value>
                <![CDATA[2,00,00,000]]>
              </value>
            </param>
            <param index="1">
              <value>
                <![CDATA[25.0]]>
              </value>
            </param>
            <param index="2">
              <value>
                <![CDATA[10,00,000]]>
              </value>
            </param>
            <param index="3">
              <value>
                <![CDATA[12.0]]>
              </value>
            </param>
            <param index="4">
              <value>
                <![CDATA[10.0]]>
              </value>
            </param>
            <param index="5">
              <value>
                <![CDATA[0.3]]>
              </value>
            </param>
            <param index="6">
              <value>
                <![CDATA[01-Feb-2029]]>
              </value>
            </param>
            <param index="7">
              <value>
                <![CDATA[5.0]]>
              </value>
            </param>
            <param index="8">
              <value>
                <![CDATA[0.3]]>
              </value>
            </param>
            <param index="9">
              <value>
                <![CDATA[0.1]]>
              </value>
            </param>
            <param index="10">
              <value>
                <![CDATA[3000.0]]>
              </value>
            </param>
          </params>
          <reporter-output>
          </reporter-output>
        </test-method> <!-- validateHomeInsurancePerYearInputField -->
        <test-method signature="validateHomeInsurancePerYearRupeesButton()[pri:25, instance:TestCases.LoanTenureCalculatorUICheck@7bedc48a]" started-at="2024-02-15T12:04:48 IST" name="validateHomeInsurancePerYearRupeesButton" finished-at="2024-02-15T12:04:52 IST" depends-on-methods="TestCases.HomeLoanEMI.homeLoanEmiCalculatorValidation, TestCases.HomeLoanEMI.calculatorsDropDownValidation" duration-ms="3602" status="PASS">
          <reporter-output>
          </reporter-output>
        </test-method> <!-- validateHomeInsurancePerYearRupeesButton -->
        <test-method signature="validateMaintenanceExpensesPerMonthInputField(java.lang.String,java.lang.String,java.lang.String,java.lang.String,java.lang.String,java.lang.String,java.lang.String,java.lang.String,java.lang.String,java.lang.String,java.lang.String)[pri:26, instance:TestCases.LoanTenureCalculatorUICheck@7bedc48a]" started-at="2024-02-15T12:04:53 IST" name="validateMaintenanceExpensesPerMonthInputField" data-provider="homeLoanDetailsData" finished-at="2024-02-15T12:04:53 IST" depends-on-methods="TestCases.HomeLoanEMI.homeLoanEmiCalculatorValidation, TestCases.HomeLoanEMI.calculatorsDropDownValidation" duration-ms="483" status="PASS">
          <params>
            <param index="0">
              <value>
                <![CDATA[2,00,00,000]]>
              </value>
            </param>
            <param index="1">
              <value>
                <![CDATA[25.0]]>
              </value>
            </param>
            <param index="2">
              <value>
                <![CDATA[10,00,000]]>
              </value>
            </param>
            <param index="3">
              <value>
                <![CDATA[12.0]]>
              </value>
            </param>
            <param index="4">
              <value>
                <![CDATA[10.0]]>
              </value>
            </param>
            <param index="5">
              <value>
                <![CDATA[0.3]]>
              </value>
            </param>
            <param index="6">
              <value>
                <![CDATA[01-Feb-2029]]>
              </value>
            </param>
            <param index="7">
              <value>
                <![CDATA[5.0]]>
              </value>
            </param>
            <param index="8">
              <value>
                <![CDATA[0.3]]>
              </value>
            </param>
            <param index="9">
              <value>
                <![CDATA[0.1]]>
              </value>
            </param>
            <param index="10">
              <value>
                <![CDATA[3000.0]]>
              </value>
            </param>
          </params>
          <reporter-output>
          </reporter-output>
        </test-method> <!-- validateMaintenanceExpensesPerMonthInputField -->
        <test-method signature="printAllTheData()[pri:27, instance:TestCases.LoanTenureCalculatorUICheck@7bedc48a]" started-at="2024-02-15T12:04:54 IST" name="printAllTheData" finished-at="2024-02-15T12:05:14 IST" depends-on-methods="TestCases.HomeLoanEMI.homeLoanEmiCalculatorValidation, TestCases.HomeLoanEMI.calculatorsDropDownValidation" duration-ms="20421" status="PASS">
          <reporter-output>
          </reporter-output>
        </test-method> <!-- printAllTheData -->
        <test-method signature="calculatorsDropDownValidationFromHomeLoan()[pri:28, instance:TestCases.LoanTenureCalculatorUICheck@7bedc48a]" started-at="2024-02-15T12:05:14 IST" name="calculatorsDropDownValidationFromHomeLoan" finished-at="2024-02-15T12:05:15 IST" duration-ms="324" status="PASS">
          <reporter-output>
          </reporter-output>
        </test-method> <!-- calculatorsDropDownValidationFromHomeLoan -->
        <test-method signature="emiCalculatorPageValidation()[pri:29, instance:TestCases.LoanTenureCalculatorUICheck@7bedc48a]" started-at="2024-02-15T12:05:15 IST" name="emiCalculatorPageValidation" finished-at="2024-02-15T12:05:19 IST" depends-on-methods="TestCases.EMICalculator.calculatorsDropDownValidationFromHomeLoan" duration-ms="3326" status="PASS">
          <reporter-output>
          </reporter-output>
        </test-method> <!-- emiCalculatorPageValidation -->
        <test-method signature="validateEmiCalculatorLink()[pri:30, instance:TestCases.LoanTenureCalculatorUICheck@7bedc48a]" started-at="2024-02-15T12:05:19 IST" name="validateEmiCalculatorLink" finished-at="2024-02-15T12:05:20 IST" depends-on-methods="TestCases.EMICalculator.emiCalculatorPageValidation" duration-ms="326" status="PASS">
          <reporter-output>
          </reporter-output>
        </test-method> <!-- validateEmiCalculatorLink -->
        <test-method signature="verifyEmiCalculatorLoanAmountInputFieldPresence()[pri:31, instance:TestCases.LoanTenureCalculatorUICheck@7bedc48a]" started-at="2024-02-15T12:05:20 IST" name="verifyEmiCalculatorLoanAmountInputFieldPresence" finished-at="2024-02-15T12:05:20 IST" depends-on-methods="TestCases.CalculateEmiUICheck.validateEmiCalculatorLink" duration-ms="70" status="PASS">
          <reporter-output>
          </reporter-output>
        </test-method> <!-- verifyEmiCalculatorLoanAmountInputFieldPresence -->
        <test-method signature="validateEmiCalculatorLoanAmountInputFieldByPassingValue(java.lang.String,java.lang.String,java.lang.String,java.lang.String)[pri:32, instance:TestCases.LoanTenureCalculatorUICheck@7bedc48a]" started-at="2024-02-15T12:05:21 IST" name="validateEmiCalculatorLoanAmountInputFieldByPassingValue" data-provider="EMICalculatorData" finished-at="2024-02-15T12:05:22 IST" depends-on-methods="TestCases.CalculateEmiUICheck.validateEmiCalculatorLink" duration-ms="1133" status="PASS">
          <params>
            <param index="0">
              <value>
                <![CDATA[50,00,000]]>
              </value>
            </param>
            <param index="1">
              <value>
                <![CDATA[12.5]]>
              </value>
            </param>
            <param index="2">
              <value>
                <![CDATA[15.0]]>
              </value>
            </param>
            <param index="3">
              <value>
                <![CDATA[75000.0]]>
              </value>
            </param>
          </params>
          <reporter-output>
          </reporter-output>
        </test-method> <!-- validateEmiCalculatorLoanAmountInputFieldByPassingValue -->
        <test-method signature="verifyEmiCalculatorInterestRateInputFieldPresence()[pri:33, instance:TestCases.LoanTenureCalculatorUICheck@7bedc48a]" started-at="2024-02-15T12:05:22 IST" name="verifyEmiCalculatorInterestRateInputFieldPresence" finished-at="2024-02-15T12:05:23 IST" depends-on-methods="TestCases.CalculateEmiUICheck.validateEmiCalculatorLink" duration-ms="180" status="PASS">
          <reporter-output>
          </reporter-output>
        </test-method> <!-- verifyEmiCalculatorInterestRateInputFieldPresence -->
        <test-method signature="validateEmiCalculatorInterestRateInputFieldByPassingValue(java.lang.String,java.lang.String,java.lang.String,java.lang.String)[pri:34, instance:TestCases.LoanTenureCalculatorUICheck@7bedc48a]" started-at="2024-02-15T12:05:23 IST" name="validateEmiCalculatorInterestRateInputFieldByPassingValue" data-provider="EMICalculatorData" finished-at="2024-02-15T12:05:24 IST" depends-on-methods="TestCases.CalculateEmiUICheck.validateEmiCalculatorLink" duration-ms="730" status="PASS">
          <params>
            <param index="0">
              <value>
                <![CDATA[50,00,000]]>
              </value>
            </param>
            <param index="1">
              <value>
                <![CDATA[12.5]]>
              </value>
            </param>
            <param index="2">
              <value>
                <![CDATA[15.0]]>
              </value>
            </param>
            <param index="3">
              <value>
                <![CDATA[75000.0]]>
              </value>
            </param>
          </params>
          <reporter-output>
          </reporter-output>
        </test-method> <!-- validateEmiCalculatorInterestRateInputFieldByPassingValue -->
        <test-method signature="verifyEmiCalculatorLoanTenureInputFieldPresence()[pri:35, instance:TestCases.LoanTenureCalculatorUICheck@7bedc48a]" started-at="2024-02-15T12:05:25 IST" name="verifyEmiCalculatorLoanTenureInputFieldPresence" finished-at="2024-02-15T12:05:25 IST" depends-on-methods="TestCases.CalculateEmiUICheck.validateEmiCalculatorLink" duration-ms="138" status="PASS">
          <reporter-output>
          </reporter-output>
        </test-method> <!-- verifyEmiCalculatorLoanTenureInputFieldPresence -->
        <test-method signature="validateEmiCalculatorLoanTenureInputFieldByPassingValue(java.lang.String,java.lang.String,java.lang.String,java.lang.String)[pri:36, instance:TestCases.LoanTenureCalculatorUICheck@7bedc48a]" started-at="2024-02-15T12:05:25 IST" name="validateEmiCalculatorLoanTenureInputFieldByPassingValue" data-provider="EMICalculatorData" finished-at="2024-02-15T12:05:27 IST" depends-on-methods="TestCases.CalculateEmiUICheck.validateEmiCalculatorLink" duration-ms="1248" status="PASS">
          <params>
            <param index="0">
              <value>
                <![CDATA[50,00,000]]>
              </value>
            </param>
            <param index="1">
              <value>
                <![CDATA[12.5]]>
              </value>
            </param>
            <param index="2">
              <value>
                <![CDATA[15.0]]>
              </value>
            </param>
            <param index="3">
              <value>
                <![CDATA[75000.0]]>
              </value>
            </param>
          </params>
          <reporter-output>
          </reporter-output>
        </test-method> <!-- validateEmiCalculatorLoanTenureInputFieldByPassingValue -->
        <test-method signature="validateEmiCalculatorLoanTenureMonthButton()[pri:37, instance:TestCases.LoanTenureCalculatorUICheck@7bedc48a]" started-at="2024-02-15T12:05:27 IST" name="validateEmiCalculatorLoanTenureMonthButton" finished-at="2024-02-15T12:05:31 IST" depends-on-methods="TestCases.CalculateEmiUICheck.validateEmiCalculatorLink" duration-ms="4060" status="PASS">
          <reporter-output>
          </reporter-output>
        </test-method> <!-- validateEmiCalculatorLoanTenureMonthButton -->
        <test-method signature="verifyEmiCalculatorLoanChargesInputFieldPresence()[pri:38, instance:TestCases.LoanTenureCalculatorUICheck@7bedc48a]" started-at="2024-02-15T12:05:32 IST" name="verifyEmiCalculatorLoanChargesInputFieldPresence" finished-at="2024-02-15T12:05:32 IST" depends-on-methods="TestCases.CalculateEmiUICheck.validateEmiCalculatorLink" duration-ms="102" status="PASS">
          <reporter-output>
          </reporter-output>
        </test-method> <!-- verifyEmiCalculatorLoanChargesInputFieldPresence -->
        <test-method signature="validateEmiCalculatorLoanChargesInputFieldByPassingValue(java.lang.String,java.lang.String,java.lang.String,java.lang.String)[pri:39, instance:TestCases.LoanTenureCalculatorUICheck@7bedc48a]" started-at="2024-02-15T12:05:32 IST" name="validateEmiCalculatorLoanChargesInputFieldByPassingValue" data-provider="EMICalculatorData" finished-at="2024-02-15T12:05:35 IST" depends-on-methods="TestCases.CalculateEmiUICheck.validateEmiCalculatorLink" duration-ms="2076" status="PASS">
          <params>
            <param index="0">
              <value>
                <![CDATA[50,00,000]]>
              </value>
            </param>
            <param index="1">
              <value>
                <![CDATA[12.5]]>
              </value>
            </param>
            <param index="2">
              <value>
                <![CDATA[15.0]]>
              </value>
            </param>
            <param index="3">
              <value>
                <![CDATA[75000.0]]>
              </value>
            </param>
          </params>
          <reporter-output>
          </reporter-output>
        </test-method> <!-- validateEmiCalculatorLoanChargesInputFieldByPassingValue -->
        <test-method signature="validateLoanAmountCalculatorLink()[pri:40, instance:TestCases.LoanTenureCalculatorUICheck@7bedc48a]" started-at="2024-02-15T12:05:35 IST" name="validateLoanAmountCalculatorLink" finished-at="2024-02-15T12:05:36 IST" duration-ms="605" status="PASS">
          <reporter-output>
          </reporter-output>
        </test-method> <!-- validateLoanAmountCalculatorLink -->
        <test-method signature="verifyEmiInputFieldPresence()[pri:41, instance:TestCases.LoanTenureCalculatorUICheck@7bedc48a]" started-at="2024-02-15T12:05:36 IST" name="verifyEmiInputFieldPresence" finished-at="2024-02-15T12:05:36 IST" depends-on-methods="TestCases.LoanAmountCalculatorUICheck.validateLoanAmountCalculatorLink" duration-ms="155" status="PASS">
          <reporter-output>
          </reporter-output>
        </test-method> <!-- verifyEmiInputFieldPresence -->
        <test-method signature="verifyEmiInputFieldByPassingValue(java.lang.String,java.lang.String,java.lang.String,java.lang.String)[pri:42, instance:TestCases.LoanTenureCalculatorUICheck@7bedc48a]" started-at="2024-02-15T12:05:37 IST" name="verifyEmiInputFieldByPassingValue" data-provider="loanAmountCalculatorData" finished-at="2024-02-15T12:05:38 IST" depends-on-methods="TestCases.LoanAmountCalculatorUICheck.validateLoanAmountCalculatorLink" duration-ms="1139" status="PASS">
          <params>
            <param index="0">
              <value>
                <![CDATA[25000.0]]>
              </value>
            </param>
            <param index="1">
              <value>
                <![CDATA[15.0]]>
              </value>
            </param>
            <param index="2">
              <value>
                <![CDATA[120.0]]>
              </value>
            </param>
            <param index="3">
              <value>
                <![CDATA[50000.0]]>
              </value>
            </param>
          </params>
          <reporter-output>
          </reporter-output>
        </test-method> <!-- verifyEmiInputFieldByPassingValue -->
        <test-method signature="verifyLoanAmountInterestRateInputFieldPresence()[pri:43, instance:TestCases.LoanTenureCalculatorUICheck@7bedc48a]" started-at="2024-02-15T12:05:39 IST" name="verifyLoanAmountInterestRateInputFieldPresence" finished-at="2024-02-15T12:05:39 IST" depends-on-methods="TestCases.LoanAmountCalculatorUICheck.validateLoanAmountCalculatorLink" duration-ms="61" status="PASS">
          <reporter-output>
          </reporter-output>
        </test-method> <!-- verifyLoanAmountInterestRateInputFieldPresence -->
        <test-method signature="validateLoanAmountInterestRateInputFieldByPassingValue(java.lang.String,java.lang.String,java.lang.String,java.lang.String)[pri:44, instance:TestCases.LoanTenureCalculatorUICheck@7bedc48a]" started-at="2024-02-15T12:05:39 IST" name="validateLoanAmountInterestRateInputFieldByPassingValue" data-provider="loanAmountCalculatorData" finished-at="2024-02-15T12:05:41 IST" depends-on-methods="TestCases.LoanAmountCalculatorUICheck.validateLoanAmountCalculatorLink" duration-ms="1502" status="PASS">
          <params>
            <param index="0">
              <value>
                <![CDATA[25000.0]]>
              </value>
            </param>
            <param index="1">
              <value>
                <![CDATA[15.0]]>
              </value>
            </param>
            <param index="2">
              <value>
                <![CDATA[120.0]]>
              </value>
            </param>
            <param index="3">
              <value>
                <![CDATA[50000.0]]>
              </value>
            </param>
          </params>
          <reporter-output>
          </reporter-output>
        </test-method> <!-- validateLoanAmountInterestRateInputFieldByPassingValue -->
        <test-method signature="verifyLoanAmountTenureInputFieldPresence()[pri:45, instance:TestCases.LoanTenureCalculatorUICheck@7bedc48a]" started-at="2024-02-15T12:05:41 IST" name="verifyLoanAmountTenureInputFieldPresence" finished-at="2024-02-15T12:05:42 IST" depends-on-methods="TestCases.LoanAmountCalculatorUICheck.validateLoanAmountCalculatorLink" duration-ms="118" status="PASS">
          <reporter-output>
          </reporter-output>
        </test-method> <!-- verifyLoanAmountTenureInputFieldPresence -->
        <test-method signature="validateLoanAmountTenureInputFieldByPassingValue(java.lang.String,java.lang.String,java.lang.String,java.lang.String)[pri:46, instance:TestCases.LoanTenureCalculatorUICheck@7bedc48a]" started-at="2024-02-15T12:05:42 IST" name="validateLoanAmountTenureInputFieldByPassingValue" data-provider="loanAmountCalculatorData" finished-at="2024-02-15T12:05:43 IST" depends-on-methods="TestCases.LoanAmountCalculatorUICheck.validateLoanAmountCalculatorLink" duration-ms="864" status="PASS">
          <params>
            <param index="0">
              <value>
                <![CDATA[25000.0]]>
              </value>
            </param>
            <param index="1">
              <value>
                <![CDATA[15.0]]>
              </value>
            </param>
            <param index="2">
              <value>
                <![CDATA[120.0]]>
              </value>
            </param>
            <param index="3">
              <value>
                <![CDATA[50000.0]]>
              </value>
            </param>
          </params>
          <reporter-output>
          </reporter-output>
        </test-method> <!-- validateLoanAmountTenureInputFieldByPassingValue -->
        <test-method signature="validateLoanAmountLoanTenureMonthButton()[pri:47, instance:TestCases.LoanTenureCalculatorUICheck@7bedc48a]" started-at="2024-02-15T12:05:44 IST" name="validateLoanAmountLoanTenureMonthButton" finished-at="2024-02-15T12:05:47 IST" depends-on-methods="TestCases.LoanAmountCalculatorUICheck.validateLoanAmountCalculatorLink" duration-ms="3895" status="PASS">
          <reporter-output>
          </reporter-output>
        </test-method> <!-- validateLoanAmountLoanTenureMonthButton -->
        <test-method signature="verifyLoanAmountLoanChargesInputFieldPresence()[pri:48, instance:TestCases.LoanTenureCalculatorUICheck@7bedc48a]" started-at="2024-02-15T12:05:48 IST" name="verifyLoanAmountLoanChargesInputFieldPresence" finished-at="2024-02-15T12:05:48 IST" depends-on-methods="TestCases.LoanAmountCalculatorUICheck.validateLoanAmountCalculatorLink" duration-ms="59" status="PASS">
          <reporter-output>
          </reporter-output>
        </test-method> <!-- verifyLoanAmountLoanChargesInputFieldPresence -->
        <test-method signature="validateLoanAmountLoanChargesInputFieldByPassingValue(java.lang.String,java.lang.String,java.lang.String,java.lang.String)[pri:49, instance:TestCases.LoanTenureCalculatorUICheck@7bedc48a]" started-at="2024-02-15T12:05:48 IST" name="validateLoanAmountLoanChargesInputFieldByPassingValue" data-provider="loanAmountCalculatorData" finished-at="2024-02-15T12:05:50 IST" depends-on-methods="TestCases.LoanAmountCalculatorUICheck.validateLoanAmountCalculatorLink" duration-ms="1413" status="PASS">
          <params>
            <param index="0">
              <value>
                <![CDATA[25000.0]]>
              </value>
            </param>
            <param index="1">
              <value>
                <![CDATA[15.0]]>
              </value>
            </param>
            <param index="2">
              <value>
                <![CDATA[120.0]]>
              </value>
            </param>
            <param index="3">
              <value>
                <![CDATA[50000.0]]>
              </value>
            </param>
          </params>
          <reporter-output>
          </reporter-output>
        </test-method> <!-- validateLoanAmountLoanChargesInputFieldByPassingValue -->
        <test-method signature="validateLoanTenureCalculatorLink()[pri:50, instance:TestCases.LoanTenureCalculatorUICheck@7bedc48a]" started-at="2024-02-15T12:05:50 IST" name="validateLoanTenureCalculatorLink" finished-at="2024-02-15T12:05:51 IST" duration-ms="740" status="PASS">
          <reporter-output>
          </reporter-output>
        </test-method> <!-- validateLoanTenureCalculatorLink -->
        <test-method signature="verifyLoanTenureLoanAmountInputFieldPresence()[pri:51, instance:TestCases.LoanTenureCalculatorUICheck@7bedc48a]" started-at="2024-02-15T12:05:52 IST" name="verifyLoanTenureLoanAmountInputFieldPresence" finished-at="2024-02-15T12:05:52 IST" depends-on-methods="TestCases.LoanTenureCalculatorUICheck.validateLoanTenureCalculatorLink" duration-ms="211" status="PASS">
          <reporter-output>
          </reporter-output>
        </test-method> <!-- verifyLoanTenureLoanAmountInputFieldPresence -->
        <test-method signature="validateLoanTenureLoanAmountInputFieldByPassingValue(java.lang.String,java.lang.String,java.lang.String)[pri:52, instance:TestCases.LoanTenureCalculatorUICheck@7bedc48a]" started-at="2024-02-15T12:05:52 IST" name="validateLoanTenureLoanAmountInputFieldByPassingValue" data-provider="loanTenureCalculatorData" finished-at="2024-02-15T12:05:54 IST" depends-on-methods="TestCases.LoanTenureCalculatorUICheck.validateLoanTenureCalculatorLink" duration-ms="1271" status="PASS">
          <params>
            <param index="0">
              <value>
                <![CDATA[75,00,000]]>
              </value>
            </param>
            <param index="1">
              <value>
                <![CDATA[10.0]]>
              </value>
            </param>
            <param index="2">
              <value>
                <![CDATA[50000.0]]>
              </value>
            </param>
          </params>
          <reporter-output>
          </reporter-output>
        </test-method> <!-- validateLoanTenureLoanAmountInputFieldByPassingValue -->
        <test-method signature="verifyLoanTenureEmiInputFieldPresence()[pri:53, instance:TestCases.LoanTenureCalculatorUICheck@7bedc48a]" started-at="2024-02-15T12:05:54 IST" name="verifyLoanTenureEmiInputFieldPresence" finished-at="2024-02-15T12:05:54 IST" depends-on-methods="TestCases.LoanTenureCalculatorUICheck.validateLoanTenureCalculatorLink" duration-ms="103" status="PASS">
          <reporter-output>
          </reporter-output>
        </test-method> <!-- verifyLoanTenureEmiInputFieldPresence -->
        <test-method signature="verifyLoanTenureInterestRateInputFieldPresence()[pri:54, instance:TestCases.LoanTenureCalculatorUICheck@7bedc48a]" started-at="2024-02-15T12:05:55 IST" name="verifyLoanTenureInterestRateInputFieldPresence" finished-at="2024-02-15T12:05:55 IST" depends-on-methods="TestCases.LoanTenureCalculatorUICheck.validateLoanTenureCalculatorLink" duration-ms="56" status="PASS">
          <reporter-output>
          </reporter-output>
        </test-method> <!-- verifyLoanTenureInterestRateInputFieldPresence -->
        <test-method signature="validateLoanTenureInterestRateInputFieldByPassingValue(java.lang.String,java.lang.String,java.lang.String)[pri:55, instance:TestCases.LoanTenureCalculatorUICheck@7bedc48a]" started-at="2024-02-15T12:05:56 IST" name="validateLoanTenureInterestRateInputFieldByPassingValue" data-provider="loanTenureCalculatorData" finished-at="2024-02-15T12:05:57 IST" depends-on-methods="TestCases.LoanTenureCalculatorUICheck.validateLoanTenureCalculatorLink" duration-ms="1127" status="PASS">
          <params>
            <param index="0">
              <value>
                <![CDATA[75,00,000]]>
              </value>
            </param>
            <param index="1">
              <value>
                <![CDATA[10.0]]>
              </value>
            </param>
            <param index="2">
              <value>
                <![CDATA[50000.0]]>
              </value>
            </param>
          </params>
          <reporter-output>
          </reporter-output>
        </test-method> <!-- validateLoanTenureInterestRateInputFieldByPassingValue -->
        <test-method signature="verifyLoanTenuteLoanChargesInputFieldPresence()[pri:56, instance:TestCases.LoanTenureCalculatorUICheck@7bedc48a]" started-at="2024-02-15T12:05:57 IST" name="verifyLoanTenuteLoanChargesInputFieldPresence" finished-at="2024-02-15T12:05:57 IST" depends-on-methods="TestCases.LoanTenureCalculatorUICheck.validateLoanTenureCalculatorLink" duration-ms="123" status="PASS">
          <reporter-output>
          </reporter-output>
        </test-method> <!-- verifyLoanTenuteLoanChargesInputFieldPresence -->
        <test-method signature="validateLoanTenureLoanChargesInputFieldByValue(java.lang.String,java.lang.String,java.lang.String)[pri:57, instance:TestCases.LoanTenureCalculatorUICheck@7bedc48a]" started-at="2024-02-15T12:05:58 IST" name="validateLoanTenureLoanChargesInputFieldByValue" data-provider="loanTenureCalculatorData" finished-at="2024-02-15T12:05:58 IST" depends-on-methods="TestCases.LoanTenureCalculatorUICheck.validateLoanTenureCalculatorLink" duration-ms="654" status="PASS">
          <params>
            <param index="0">
              <value>
                <![CDATA[75,00,000]]>
              </value>
            </param>
            <param index="1">
              <value>
                <![CDATA[10.0]]>
              </value>
            </param>
            <param index="2">
              <value>
                <![CDATA[50000.0]]>
              </value>
            </param>
          </params>
          <reporter-output>
          </reporter-output>
        </test-method> <!-- validateLoanTenureLoanChargesInputFieldByValue -->
        <test-method is-config="true" signature="tearDown()[pri:0, instance:TestCases.LoanTenureCalculatorUICheck@7bedc48a]" started-at="2024-02-15T12:05:59 IST" name="tearDown" finished-at="2024-02-15T12:06:01 IST" duration-ms="2021" status="PASS">
          <reporter-output>
          </reporter-output>
        </test-method> <!-- tearDown -->
      </class> <!-- TestCases.LoanTenureCalculatorUICheck -->
    </test> <!-- Test -->
  </suite> <!-- Suite -->
</testng-results>
